#! /usr/local/bin/vvp
:ivl_version "11.0 (devel)" "(s20150603-664-g65aff653)";
:ivl_delay_selection "TYPICAL";
:vpi_time_precision - 9;
:vpi_module "system";
:vpi_module "vhdl_sys";
:vpi_module "vhdl_textio";
:vpi_module "v2005_math";
:vpi_module "va_math";
S_0x560b0a39ec70 .scope module, "encoder_tb" "encoder_tb" 2 105;
 .timescale -9 -9;
v0x560b0a3c2860_0 .var "D", 15 0;
v0x560b0a3c2920_0 .net "answer", 3 0, L_0x560b0a38c850;  1 drivers
v0x560b0a3c29c0_0 .var "enable", 0 0;
S_0x560b0a39ee00 .scope module, "E" "encoder" 2 110, 2 2 0, S_0x560b0a39ec70;
 .timescale -9 -9;
    .port_info 0 /INPUT 16 "D";
    .port_info 1 /INPUT 1 "enable";
    .port_info 2 /OUTPUT 4 "out";
L_0x560b0a38c850 .functor BUFZ 4, v0x560b0a3c2700_0, C4<0000>, C4<0000>, C4<0000>;
v0x560b0a38c580_0 .net "D", 15 0, v0x560b0a3c2860_0;  1 drivers
v0x560b0a38cad0_0 .net "enable", 0 0, v0x560b0a3c29c0_0;  1 drivers
v0x560b0a3c2640_0 .net "out", 3 0, L_0x560b0a38c850;  alias, 1 drivers
v0x560b0a3c2700_0 .var "temp", 3 0;
E_0x560b0a396c10 .event edge, v0x560b0a38cad0_0, v0x560b0a38c580_0;
    .scope S_0x560b0a39ee00;
T_0 ;
    %pushi/vec4 0, 0, 4;
    %store/vec4 v0x560b0a3c2700_0, 0, 4;
    %end;
    .thread T_0;
    .scope S_0x560b0a39ee00;
T_1 ;
    %wait E_0x560b0a396c10;
    %load/vec4 v0x560b0a38cad0_0;
    %cmpi/e 1, 0, 1;
    %jmp/0xz  T_1.0, 4;
    %load/vec4 v0x560b0a38c580_0;
    %parti/s 1, 15, 5;
    %cmpi/e 1, 0, 1;
    %jmp/0xz  T_1.2, 4;
    %pushi/vec4 15, 0, 4;
    %assign/vec4 v0x560b0a3c2700_0, 0;
    %jmp T_1.3;
T_1.2 ;
    %load/vec4 v0x560b0a38c580_0;
    %parti/s 1, 14, 5;
    %cmpi/e 1, 0, 1;
    %jmp/0xz  T_1.4, 4;
    %pushi/vec4 14, 0, 4;
    %assign/vec4 v0x560b0a3c2700_0, 0;
    %jmp T_1.5;
T_1.4 ;
    %load/vec4 v0x560b0a38c580_0;
    %parti/s 1, 13, 5;
    %cmpi/e 1, 0, 1;
    %jmp/0xz  T_1.6, 4;
    %pushi/vec4 13, 0, 4;
    %assign/vec4 v0x560b0a3c2700_0, 0;
    %jmp T_1.7;
T_1.6 ;
    %load/vec4 v0x560b0a38c580_0;
    %parti/s 1, 12, 5;
    %cmpi/e 1, 0, 1;
    %jmp/0xz  T_1.8, 4;
    %pushi/vec4 12, 0, 4;
    %assign/vec4 v0x560b0a3c2700_0, 0;
    %jmp T_1.9;
T_1.8 ;
    %load/vec4 v0x560b0a38c580_0;
    %parti/s 1, 11, 5;
    %cmpi/e 1, 0, 1;
    %jmp/0xz  T_1.10, 4;
    %pushi/vec4 11, 0, 4;
    %assign/vec4 v0x560b0a3c2700_0, 0;
    %jmp T_1.11;
T_1.10 ;
    %load/vec4 v0x560b0a38c580_0;
    %parti/s 1, 10, 5;
    %cmpi/e 1, 0, 1;
    %jmp/0xz  T_1.12, 4;
    %pushi/vec4 10, 0, 4;
    %assign/vec4 v0x560b0a3c2700_0, 0;
    %jmp T_1.13;
T_1.12 ;
    %load/vec4 v0x560b0a38c580_0;
    %parti/s 1, 9, 5;
    %cmpi/e 1, 0, 1;
    %jmp/0xz  T_1.14, 4;
    %pushi/vec4 9, 0, 4;
    %assign/vec4 v0x560b0a3c2700_0, 0;
    %jmp T_1.15;
T_1.14 ;
    %load/vec4 v0x560b0a38c580_0;
    %parti/s 1, 8, 5;
    %cmpi/e 1, 0, 1;
    %jmp/0xz  T_1.16, 4;
    %pushi/vec4 8, 0, 4;
    %assign/vec4 v0x560b0a3c2700_0, 0;
    %jmp T_1.17;
T_1.16 ;
    %load/vec4 v0x560b0a38c580_0;
    %parti/s 1, 7, 4;
    %cmpi/e 1, 0, 1;
    %jmp/0xz  T_1.18, 4;
    %pushi/vec4 7, 0, 4;
    %assign/vec4 v0x560b0a3c2700_0, 0;
    %jmp T_1.19;
T_1.18 ;
    %load/vec4 v0x560b0a38c580_0;
    %parti/s 1, 6, 4;
    %cmpi/e 1, 0, 1;
    %jmp/0xz  T_1.20, 4;
    %pushi/vec4 6, 0, 4;
    %assign/vec4 v0x560b0a3c2700_0, 0;
    %jmp T_1.21;
T_1.20 ;
    %load/vec4 v0x560b0a38c580_0;
    %parti/s 1, 5, 4;
    %cmpi/e 1, 0, 1;
    %jmp/0xz  T_1.22, 4;
    %pushi/vec4 5, 0, 4;
    %assign/vec4 v0x560b0a3c2700_0, 0;
    %jmp T_1.23;
T_1.22 ;
    %load/vec4 v0x560b0a38c580_0;
    %parti/s 1, 4, 4;
    %cmpi/e 1, 0, 1;
    %jmp/0xz  T_1.24, 4;
    %pushi/vec4 4, 0, 4;
    %assign/vec4 v0x560b0a3c2700_0, 0;
    %jmp T_1.25;
T_1.24 ;
    %load/vec4 v0x560b0a38c580_0;
    %parti/s 1, 3, 3;
    %cmpi/e 1, 0, 1;
    %jmp/0xz  T_1.26, 4;
    %pushi/vec4 3, 0, 4;
    %assign/vec4 v0x560b0a3c2700_0, 0;
    %jmp T_1.27;
T_1.26 ;
    %load/vec4 v0x560b0a38c580_0;
    %parti/s 1, 2, 3;
    %cmpi/e 1, 0, 1;
    %jmp/0xz  T_1.28, 4;
    %pushi/vec4 2, 0, 4;
    %assign/vec4 v0x560b0a3c2700_0, 0;
    %jmp T_1.29;
T_1.28 ;
    %load/vec4 v0x560b0a38c580_0;
    %parti/s 1, 1, 2;
    %cmpi/e 1, 0, 1;
    %jmp/0xz  T_1.30, 4;
    %pushi/vec4 1, 0, 4;
    %assign/vec4 v0x560b0a3c2700_0, 0;
    %jmp T_1.31;
T_1.30 ;
    %load/vec4 v0x560b0a38c580_0;
    %parti/s 1, 0, 2;
    %cmpi/e 1, 0, 1;
    %jmp/0xz  T_1.32, 4;
    %pushi/vec4 0, 0, 4;
    %assign/vec4 v0x560b0a3c2700_0, 0;
T_1.32 ;
T_1.31 ;
T_1.29 ;
T_1.27 ;
T_1.25 ;
T_1.23 ;
T_1.21 ;
T_1.19 ;
T_1.17 ;
T_1.15 ;
T_1.13 ;
T_1.11 ;
T_1.9 ;
T_1.7 ;
T_1.5 ;
T_1.3 ;
    %jmp T_1.1;
T_1.0 ;
    %pushi/vec4 15, 15, 4;
    %assign/vec4 v0x560b0a3c2700_0, 0;
T_1.1 ;
    %jmp T_1;
    .thread T_1, $push;
    .scope S_0x560b0a39ec70;
T_2 ;
    %pushi/vec4 0, 0, 16;
    %store/vec4 v0x560b0a3c2860_0, 0, 16;
    %pushi/vec4 0, 0, 1;
    %store/vec4 v0x560b0a3c29c0_0, 0, 1;
    %end;
    .thread T_2;
    .scope S_0x560b0a39ec70;
T_3 ;
    %vpi_call 2 114 "$dumpfile", "encoder.vcd" {0 0 0};
    %vpi_call 2 115 "$dumpvars", 32'sb00000000000000000000000000000000, S_0x560b0a39ec70 {0 0 0};
    %end;
    .thread T_3;
    .scope S_0x560b0a39ec70;
T_4 ;
    %pushi/vec4 1, 0, 1;
    %store/vec4 v0x560b0a3c29c0_0, 0, 1;
    %pushi/vec4 17829, 0, 16;
    %store/vec4 v0x560b0a3c2860_0, 0, 16;
    %delay 50, 0;
    %pushi/vec4 1, 0, 1;
    %store/vec4 v0x560b0a3c29c0_0, 0, 1;
    %pushi/vec4 25941, 0, 16;
    %store/vec4 v0x560b0a3c2860_0, 0, 16;
    %delay 50, 0;
    %pushi/vec4 0, 0, 1;
    %store/vec4 v0x560b0a3c29c0_0, 0, 1;
    %pushi/vec4 51670, 0, 16;
    %store/vec4 v0x560b0a3c2860_0, 0, 16;
    %delay 50, 0;
    %pushi/vec4 0, 0, 1;
    %store/vec4 v0x560b0a3c29c0_0, 0, 1;
    %pushi/vec4 19426, 0, 16;
    %store/vec4 v0x560b0a3c2860_0, 0, 16;
    %delay 50, 0;
    %pushi/vec4 1, 0, 1;
    %store/vec4 v0x560b0a3c29c0_0, 0, 1;
    %pushi/vec4 4110, 0, 16;
    %store/vec4 v0x560b0a3c2860_0, 0, 16;
    %delay 50, 0;
    %pushi/vec4 1, 0, 1;
    %store/vec4 v0x560b0a3c29c0_0, 0, 1;
    %pushi/vec4 3970, 0, 16;
    %store/vec4 v0x560b0a3c2860_0, 0, 16;
    %delay 50, 0;
    %pushi/vec4 1, 0, 1;
    %store/vec4 v0x560b0a3c29c0_0, 0, 1;
    %pushi/vec4 60248, 0, 16;
    %store/vec4 v0x560b0a3c2860_0, 0, 16;
    %delay 50, 0;
    %pushi/vec4 0, 0, 1;
    %store/vec4 v0x560b0a3c29c0_0, 0, 1;
    %pushi/vec4 20687, 0, 16;
    %store/vec4 v0x560b0a3c2860_0, 0, 16;
    %delay 50, 0;
    %pushi/vec4 1, 0, 1;
    %store/vec4 v0x560b0a3c29c0_0, 0, 1;
    %pushi/vec4 1, 0, 16;
    %store/vec4 v0x560b0a3c2860_0, 0, 16;
    %delay 50, 0;
    %pushi/vec4 0, 0, 1;
    %store/vec4 v0x560b0a3c29c0_0, 0, 1;
    %pushi/vec4 53, 0, 16;
    %store/vec4 v0x560b0a3c2860_0, 0, 16;
    %delay 50, 0;
    %pushi/vec4 1, 0, 1;
    %store/vec4 v0x560b0a3c29c0_0, 0, 1;
    %pushi/vec4 373, 0, 16;
    %store/vec4 v0x560b0a3c2860_0, 0, 16;
    %delay 50, 0;
    %pushi/vec4 1, 0, 1;
    %store/vec4 v0x560b0a3c29c0_0, 0, 1;
    %pushi/vec4 52805, 0, 16;
    %store/vec4 v0x560b0a3c2860_0, 0, 16;
    %delay 50, 0;
    %pushi/vec4 0, 0, 1;
    %store/vec4 v0x560b0a3c29c0_0, 0, 1;
    %pushi/vec4 2, 0, 16;
    %store/vec4 v0x560b0a3c2860_0, 0, 16;
    %delay 50, 0;
    %pushi/vec4 1, 0, 1;
    %store/vec4 v0x560b0a3c29c0_0, 0, 1;
    %pushi/vec4 286, 0, 16;
    %store/vec4 v0x560b0a3c2860_0, 0, 16;
    %delay 50, 0;
    %pushi/vec4 1, 0, 1;
    %store/vec4 v0x560b0a3c29c0_0, 0, 1;
    %pushi/vec4 162, 0, 16;
    %store/vec4 v0x560b0a3c2860_0, 0, 16;
    %delay 50, 0;
    %pushi/vec4 0, 0, 1;
    %store/vec4 v0x560b0a3c29c0_0, 0, 1;
    %pushi/vec4 60172, 0, 16;
    %store/vec4 v0x560b0a3c2860_0, 0, 16;
    %delay 50, 0;
    %pushi/vec4 0, 0, 1;
    %store/vec4 v0x560b0a3c29c0_0, 0, 1;
    %pushi/vec4 25310, 0, 16;
    %store/vec4 v0x560b0a3c2860_0, 0, 16;
    %delay 50, 0;
    %pushi/vec4 1, 0, 1;
    %store/vec4 v0x560b0a3c29c0_0, 0, 1;
    %pushi/vec4 38101, 0, 16;
    %store/vec4 v0x560b0a3c2860_0, 0, 16;
    %delay 50, 0;
    %end;
    .thread T_4;
    .scope S_0x560b0a39ec70;
T_5 ;
    %vpi_call 2 195 "$monitor", "\012D15 = %b\011D14 = %b\011D13 = %b\011D12 = %b\011D11 = %b\011D10 = %b\011D9 = %b\011D8 = %b\011D7 = %b\011D6 = %b\011D5 = %b\011D4 = %b\011D3 = %b\011D2 = %b\011D1 = %b\011D0 = %b\011enable = %b\012Encoded output = %b", &PV<v0x560b0a3c2860_0, 15, 1>, &PV<v0x560b0a3c2860_0, 14, 1>, &PV<v0x560b0a3c2860_0, 13, 1>, &PV<v0x560b0a3c2860_0, 12, 1>, &PV<v0x560b0a3c2860_0, 11, 1>, &PV<v0x560b0a3c2860_0, 10, 1>, &PV<v0x560b0a3c2860_0, 9, 1>, &PV<v0x560b0a3c2860_0, 8, 1>, &PV<v0x560b0a3c2860_0, 7, 1>, &PV<v0x560b0a3c2860_0, 6, 1>, &PV<v0x560b0a3c2860_0, 5, 1>, &PV<v0x560b0a3c2860_0, 4, 1>, &PV<v0x560b0a3c2860_0, 3, 1>, &PV<v0x560b0a3c2860_0, 2, 1>, &PV<v0x560b0a3c2860_0, 1, 1>, &PV<v0x560b0a3c2860_0, 0, 1>, v0x560b0a3c29c0_0, v0x560b0a3c2920_0 {0 0 0};
    %end;
    .thread T_5;
# The file index is used to find the file name in the following table.
:file_names 3;
    "N/A";
    "<interactive>";
    "encoder.v";
