#! /usr/local/bin/vvp
:ivl_version "11.0 (devel)" "(s20150603-664-g65aff653)";
:ivl_delay_selection "TYPICAL";
:vpi_time_precision - 9;
:vpi_module "system";
:vpi_module "vhdl_sys";
:vpi_module "vhdl_textio";
:vpi_module "v2005_math";
:vpi_module "va_math";
S_0x55555fc51fe0 .scope module, "Carry_Lookahead_tb" "Carry_Lookahead_tb" 2 53;
 .timescale -9 -9;
v0x55555fc79760_0 .var "A", 3 0;
v0x55555fc79840_0 .var "B", 3 0;
v0x55555fc79910_0 .net "S", 3 0, L_0x55555fc7e3a0;  1 drivers
v0x55555fc79a10_0 .net "c", 0 0, L_0x55555fc7e280;  1 drivers
S_0x55555fc44ce0 .scope module, "Add" "Carry_Lookahead_Adder" 2 58, 2 24 0, S_0x55555fc51fe0;
 .timescale -9 -9;
    .port_info 0 /INPUT 4 "A";
    .port_info 1 /INPUT 4 "B";
    .port_info 2 /OUTPUT 4 "S";
    .port_info 3 /OUTPUT 1 "c";
v0x55555fc78fd0_0 .net "A", 3 0, v0x55555fc79760_0;  1 drivers
v0x55555fc790b0_0 .net "B", 3 0, v0x55555fc79840_0;  1 drivers
v0x55555fc79190_0 .net "C", 4 0, L_0x55555fc7e440;  1 drivers
v0x55555fc79250_0 .net "G", 3 0, L_0x55555fc7b950;  1 drivers
v0x55555fc79330_0 .net "P", 3 0, L_0x55555fc7b690;  1 drivers
v0x55555fc79460_0 .net "S", 3 0, L_0x55555fc7e3a0;  alias, 1 drivers
L_0x7fa77546c018 .functor BUFT 1, C4<0>, C4<0>, C4<0>, C4<0>;
v0x55555fc79540_0 .net/2u *"_ivl_70", 0 0, L_0x7fa77546c018;  1 drivers
v0x55555fc79620_0 .net "c", 0 0, L_0x55555fc7e280;  alias, 1 drivers
L_0x55555fc79d20 .part v0x55555fc79760_0, 0, 1;
L_0x55555fc79e10 .part v0x55555fc79840_0, 0, 1;
L_0x55555fc79f00 .part L_0x55555fc7b950, 0, 1;
L_0x55555fc79fa0 .part L_0x55555fc7b690, 0, 1;
L_0x55555fc7a070 .part L_0x55555fc7e440, 0, 1;
L_0x55555fc7a570 .part v0x55555fc79760_0, 1, 1;
L_0x55555fc7a650 .part v0x55555fc79840_0, 1, 1;
L_0x55555fc7a6f0 .part L_0x55555fc7b950, 1, 1;
L_0x55555fc7a830 .part L_0x55555fc7b690, 1, 1;
L_0x55555fc7a920 .part L_0x55555fc7e440, 1, 1;
L_0x55555fc7adc0 .part v0x55555fc79760_0, 2, 1;
L_0x55555fc7ae60 .part v0x55555fc79840_0, 2, 1;
L_0x55555fc7af70 .part L_0x55555fc7b950, 2, 1;
L_0x55555fc7b010 .part L_0x55555fc7b690, 2, 1;
L_0x55555fc7b130 .part L_0x55555fc7e440, 2, 1;
L_0x55555fc7b4c0 .part v0x55555fc79760_0, 3, 1;
L_0x55555fc7b5f0 .part v0x55555fc79840_0, 3, 1;
L_0x55555fc7b690 .concat8 [ 1 1 1 1], L_0x55555fc79ae0, L_0x55555fc7a3c0, L_0x55555fc7ac40, L_0x55555fc7b310;
L_0x55555fc7b950 .concat8 [ 1 1 1 1], L_0x55555fc79be0, L_0x55555fc7a430, L_0x55555fc7acb0, L_0x55555fc7b380;
L_0x55555fc7bae0 .part L_0x55555fc7b950, 3, 1;
L_0x55555fc7b8b0 .part L_0x55555fc7b690, 3, 1;
L_0x55555fc7bc30 .part L_0x55555fc7e440, 3, 1;
L_0x55555fc7c440 .part v0x55555fc79760_0, 0, 1;
L_0x55555fc7c570 .part v0x55555fc79840_0, 0, 1;
L_0x55555fc7c770 .part L_0x55555fc7e440, 0, 1;
L_0x55555fc7cc00 .part v0x55555fc79760_0, 1, 1;
L_0x55555fc7ce10 .part v0x55555fc79840_0, 1, 1;
L_0x55555fc7cf40 .part L_0x55555fc7e440, 1, 1;
L_0x55555fc7d520 .part v0x55555fc79760_0, 2, 1;
L_0x55555fc7d650 .part v0x55555fc79840_0, 2, 1;
L_0x55555fc7d7f0 .part L_0x55555fc7e440, 2, 1;
L_0x55555fc7dcd0 .part v0x55555fc79760_0, 3, 1;
L_0x55555fc7df10 .part v0x55555fc79840_0, 3, 1;
L_0x55555fc7e040 .part L_0x55555fc7e440, 3, 1;
L_0x55555fc7e3a0 .concat8 [ 1 1 1 1], L_0x55555fc7c1c0, L_0x55555fc7c980, L_0x55555fc7d240, L_0x55555fc7d9d0;
LS_0x55555fc7e440_0_0 .concat8 [ 1 1 1 1], L_0x7fa77546c018, L_0x55555fc7a2b0, L_0x55555fc7ab30, L_0x55555fc7b200;
LS_0x55555fc7e440_0_4 .concat8 [ 1 0 0 0], L_0x55555fc7bee0;
L_0x55555fc7e440 .concat8 [ 4 1 0 0], LS_0x55555fc7e440_0_0, LS_0x55555fc7e440_0_4;
L_0x55555fc7e280 .part L_0x55555fc7e440, 4, 1;
S_0x55555fc47a10 .scope generate, "genblk1[0]" "genblk1[0]" 2 38, 2 38 0, S_0x55555fc44ce0;
 .timescale -9 -9;
P_0x55555fc4f820 .param/l "i" 0 2 38, +C4<00>;
L_0x55555fc7a170 .functor AND 1, L_0x55555fc79fa0, L_0x55555fc7a070, C4<1>, C4<1>;
L_0x55555fc7a2b0 .functor OR 1, L_0x55555fc79f00, L_0x55555fc7a170, C4<0>, C4<0>;
v0x55555fc4b940_0 .net *"_ivl_2", 0 0, L_0x55555fc79f00;  1 drivers
v0x55555fc706c0_0 .net *"_ivl_3", 0 0, L_0x55555fc79fa0;  1 drivers
v0x55555fc707a0_0 .net *"_ivl_4", 0 0, L_0x55555fc7a070;  1 drivers
v0x55555fc70860_0 .net *"_ivl_5", 0 0, L_0x55555fc7a170;  1 drivers
v0x55555fc70940_0 .net *"_ivl_7", 0 0, L_0x55555fc7a2b0;  1 drivers
S_0x55555fc4af60 .scope module, "HA" "Half_Adder" 2 40, 2 3 0, S_0x55555fc47a10;
 .timescale -9 -9;
    .port_info 0 /INPUT 1 "in_a";
    .port_info 1 /INPUT 1 "in_b";
    .port_info 2 /OUTPUT 1 "sum";
    .port_info 3 /OUTPUT 1 "carry";
L_0x55555fc79ae0 .functor XOR 1, L_0x55555fc79d20, L_0x55555fc79e10, C4<0>, C4<0>;
L_0x55555fc79be0 .functor AND 1, L_0x55555fc79d20, L_0x55555fc79e10, C4<1>, C4<1>;
v0x55555fc327d0_0 .net "carry", 0 0, L_0x55555fc79be0;  1 drivers
v0x55555fc529c0_0 .net "in_a", 0 0, L_0x55555fc79d20;  1 drivers
v0x55555fc50450_0 .net "in_b", 0 0, L_0x55555fc79e10;  1 drivers
v0x55555fc4dee0_0 .net "sum", 0 0, L_0x55555fc79ae0;  1 drivers
S_0x55555fc4d500 .scope generate, "genblk1[1]" "genblk1[1]" 2 38, 2 38 0, S_0x55555fc44ce0;
 .timescale -9 -9;
P_0x55555fc70b00 .param/l "i" 0 2 38, +C4<01>;
L_0x55555fc7aa70 .functor AND 1, L_0x55555fc7a830, L_0x55555fc7a920, C4<1>, C4<1>;
L_0x55555fc7ab30 .functor OR 1, L_0x55555fc7a6f0, L_0x55555fc7aa70, C4<0>, C4<0>;
v0x55555fc70fc0_0 .net *"_ivl_2", 0 0, L_0x55555fc7a6f0;  1 drivers
v0x55555fc710c0_0 .net *"_ivl_3", 0 0, L_0x55555fc7a830;  1 drivers
v0x55555fc711a0_0 .net *"_ivl_4", 0 0, L_0x55555fc7a920;  1 drivers
v0x55555fc71260_0 .net *"_ivl_5", 0 0, L_0x55555fc7aa70;  1 drivers
v0x55555fc71340_0 .net *"_ivl_7", 0 0, L_0x55555fc7ab30;  1 drivers
S_0x55555fc4fa70 .scope module, "HA" "Half_Adder" 2 40, 2 3 0, S_0x55555fc4d500;
 .timescale -9 -9;
    .port_info 0 /INPUT 1 "in_a";
    .port_info 1 /INPUT 1 "in_b";
    .port_info 2 /OUTPUT 1 "sum";
    .port_info 3 /OUTPUT 1 "carry";
L_0x55555fc7a3c0 .functor XOR 1, L_0x55555fc7a570, L_0x55555fc7a650, C4<0>, C4<0>;
L_0x55555fc7a430 .functor AND 1, L_0x55555fc7a570, L_0x55555fc7a650, C4<1>, C4<1>;
v0x55555fc70c10_0 .net "carry", 0 0, L_0x55555fc7a430;  1 drivers
v0x55555fc70cf0_0 .net "in_a", 0 0, L_0x55555fc7a570;  1 drivers
v0x55555fc70db0_0 .net "in_b", 0 0, L_0x55555fc7a650;  1 drivers
v0x55555fc70e50_0 .net "sum", 0 0, L_0x55555fc7a3c0;  1 drivers
S_0x55555fc71470 .scope generate, "genblk1[2]" "genblk1[2]" 2 38, 2 38 0, S_0x55555fc44ce0;
 .timescale -9 -9;
P_0x55555fc71670 .param/l "i" 0 2 38, +C4<010>;
L_0x55555fc7af00 .functor AND 1, L_0x55555fc7b010, L_0x55555fc7b130, C4<1>, C4<1>;
L_0x55555fc7b200 .functor OR 1, L_0x55555fc7af70, L_0x55555fc7af00, C4<0>, C4<0>;
v0x55555fc71d20_0 .net *"_ivl_2", 0 0, L_0x55555fc7af70;  1 drivers
v0x55555fc71e20_0 .net *"_ivl_3", 0 0, L_0x55555fc7b010;  1 drivers
v0x55555fc71f00_0 .net *"_ivl_4", 0 0, L_0x55555fc7b130;  1 drivers
v0x55555fc71fc0_0 .net *"_ivl_5", 0 0, L_0x55555fc7af00;  1 drivers
v0x55555fc720a0_0 .net *"_ivl_7", 0 0, L_0x55555fc7b200;  1 drivers
S_0x55555fc71730 .scope module, "HA" "Half_Adder" 2 40, 2 3 0, S_0x55555fc71470;
 .timescale -9 -9;
    .port_info 0 /INPUT 1 "in_a";
    .port_info 1 /INPUT 1 "in_b";
    .port_info 2 /OUTPUT 1 "sum";
    .port_info 3 /OUTPUT 1 "carry";
L_0x55555fc7ac40 .functor XOR 1, L_0x55555fc7adc0, L_0x55555fc7ae60, C4<0>, C4<0>;
L_0x55555fc7acb0 .functor AND 1, L_0x55555fc7adc0, L_0x55555fc7ae60, C4<1>, C4<1>;
v0x55555fc71940_0 .net "carry", 0 0, L_0x55555fc7acb0;  1 drivers
v0x55555fc71a20_0 .net "in_a", 0 0, L_0x55555fc7adc0;  1 drivers
v0x55555fc71ae0_0 .net "in_b", 0 0, L_0x55555fc7ae60;  1 drivers
v0x55555fc71bb0_0 .net "sum", 0 0, L_0x55555fc7ac40;  1 drivers
S_0x55555fc721d0 .scope generate, "genblk1[3]" "genblk1[3]" 2 38, 2 38 0, S_0x55555fc44ce0;
 .timescale -9 -9;
P_0x55555fc723d0 .param/l "i" 0 2 38, +C4<011>;
L_0x55555fc7be20 .functor AND 1, L_0x55555fc7b8b0, L_0x55555fc7bc30, C4<1>, C4<1>;
L_0x55555fc7bee0 .functor OR 1, L_0x55555fc7bae0, L_0x55555fc7be20, C4<0>, C4<0>;
v0x55555fc72a70_0 .net *"_ivl_2", 0 0, L_0x55555fc7bae0;  1 drivers
v0x55555fc72b70_0 .net *"_ivl_3", 0 0, L_0x55555fc7b8b0;  1 drivers
v0x55555fc72c50_0 .net *"_ivl_4", 0 0, L_0x55555fc7bc30;  1 drivers
v0x55555fc72d10_0 .net *"_ivl_5", 0 0, L_0x55555fc7be20;  1 drivers
v0x55555fc72df0_0 .net *"_ivl_7", 0 0, L_0x55555fc7bee0;  1 drivers
S_0x55555fc724b0 .scope module, "HA" "Half_Adder" 2 40, 2 3 0, S_0x55555fc721d0;
 .timescale -9 -9;
    .port_info 0 /INPUT 1 "in_a";
    .port_info 1 /INPUT 1 "in_b";
    .port_info 2 /OUTPUT 1 "sum";
    .port_info 3 /OUTPUT 1 "carry";
L_0x55555fc7b310 .functor XOR 1, L_0x55555fc7b4c0, L_0x55555fc7b5f0, C4<0>, C4<0>;
L_0x55555fc7b380 .functor AND 1, L_0x55555fc7b4c0, L_0x55555fc7b5f0, C4<1>, C4<1>;
v0x55555fc72690_0 .net "carry", 0 0, L_0x55555fc7b380;  1 drivers
v0x55555fc72770_0 .net "in_a", 0 0, L_0x55555fc7b4c0;  1 drivers
v0x55555fc72830_0 .net "in_b", 0 0, L_0x55555fc7b5f0;  1 drivers
v0x55555fc72900_0 .net "sum", 0 0, L_0x55555fc7b310;  1 drivers
S_0x55555fc72f20 .scope generate, "genblk2[0]" "genblk2[0]" 2 44, 2 44 0, S_0x55555fc44ce0;
 .timescale -9 -9;
P_0x55555fc73170 .param/l "i" 0 2 44, +C4<00>;
S_0x55555fc73250 .scope module, "FA" "Full_Adder" 2 45, 2 13 0, S_0x55555fc72f20;
 .timescale -9 -9;
    .port_info 0 /INPUT 1 "a";
    .port_info 1 /INPUT 1 "b";
    .port_info 2 /INPUT 1 "cin";
    .port_info 3 /OUTPUT 1 "fsum";
    .port_info 4 /OUTPUT 1 "cout";
L_0x55555fc7c3d0 .functor OR 1, L_0x55555fc7c100, L_0x55555fc7c310, C4<0>, C4<0>;
v0x55555fc74040_0 .net "a", 0 0, L_0x55555fc7c440;  1 drivers
v0x55555fc74100_0 .net "b", 0 0, L_0x55555fc7c570;  1 drivers
v0x55555fc741d0_0 .net "c1", 0 0, L_0x55555fc7c100;  1 drivers
v0x55555fc742d0_0 .net "c2", 0 0, L_0x55555fc7c310;  1 drivers
v0x55555fc743a0_0 .net "cin", 0 0, L_0x55555fc7c770;  1 drivers
v0x55555fc74490_0 .net "cout", 0 0, L_0x55555fc7c3d0;  1 drivers
v0x55555fc74530_0 .net "fsum", 0 0, L_0x55555fc7c1c0;  1 drivers
v0x55555fc74600_0 .net "s1", 0 0, L_0x55555fc7bff0;  1 drivers
S_0x55555fc734b0 .scope module, "HA1" "Half_Adder" 2 18, 2 3 0, S_0x55555fc73250;
 .timescale -9 -9;
    .port_info 0 /INPUT 1 "in_a";
    .port_info 1 /INPUT 1 "in_b";
    .port_info 2 /OUTPUT 1 "sum";
    .port_info 3 /OUTPUT 1 "carry";
L_0x55555fc7bff0 .functor XOR 1, L_0x55555fc7c440, L_0x55555fc7c570, C4<0>, C4<0>;
L_0x55555fc7c100 .functor AND 1, L_0x55555fc7c440, L_0x55555fc7c570, C4<1>, C4<1>;
v0x55555fc736b0_0 .net "carry", 0 0, L_0x55555fc7c100;  alias, 1 drivers
v0x55555fc73790_0 .net "in_a", 0 0, L_0x55555fc7c440;  alias, 1 drivers
v0x55555fc73850_0 .net "in_b", 0 0, L_0x55555fc7c570;  alias, 1 drivers
v0x55555fc73920_0 .net "sum", 0 0, L_0x55555fc7bff0;  alias, 1 drivers
S_0x55555fc73a90 .scope module, "HA2" "Half_Adder" 2 19, 2 3 0, S_0x55555fc73250;
 .timescale -9 -9;
    .port_info 0 /INPUT 1 "in_a";
    .port_info 1 /INPUT 1 "in_b";
    .port_info 2 /OUTPUT 1 "sum";
    .port_info 3 /OUTPUT 1 "carry";
L_0x55555fc7c1c0 .functor XOR 1, L_0x55555fc7bff0, L_0x55555fc7c770, C4<0>, C4<0>;
L_0x55555fc7c310 .functor AND 1, L_0x55555fc7bff0, L_0x55555fc7c770, C4<1>, C4<1>;
v0x55555fc73c90_0 .net "carry", 0 0, L_0x55555fc7c310;  alias, 1 drivers
v0x55555fc73d50_0 .net "in_a", 0 0, L_0x55555fc7bff0;  alias, 1 drivers
v0x55555fc73e40_0 .net "in_b", 0 0, L_0x55555fc7c770;  alias, 1 drivers
v0x55555fc73f10_0 .net "sum", 0 0, L_0x55555fc7c1c0;  alias, 1 drivers
S_0x55555fc746f0 .scope generate, "genblk2[1]" "genblk2[1]" 2 44, 2 44 0, S_0x55555fc44ce0;
 .timescale -9 -9;
P_0x55555fc748d0 .param/l "i" 0 2 44, +C4<01>;
S_0x55555fc749b0 .scope module, "FA" "Full_Adder" 2 45, 2 13 0, S_0x55555fc746f0;
 .timescale -9 -9;
    .port_info 0 /INPUT 1 "a";
    .port_info 1 /INPUT 1 "b";
    .port_info 2 /INPUT 1 "cin";
    .port_info 3 /OUTPUT 1 "fsum";
    .port_info 4 /OUTPUT 1 "cout";
L_0x55555fc7cb90 .functor OR 1, L_0x55555fc7c910, L_0x55555fc7cad0, C4<0>, C4<0>;
v0x55555fc75840_0 .net "a", 0 0, L_0x55555fc7cc00;  1 drivers
v0x55555fc75900_0 .net "b", 0 0, L_0x55555fc7ce10;  1 drivers
v0x55555fc759d0_0 .net "c1", 0 0, L_0x55555fc7c910;  1 drivers
v0x55555fc75ad0_0 .net "c2", 0 0, L_0x55555fc7cad0;  1 drivers
v0x55555fc75ba0_0 .net "cin", 0 0, L_0x55555fc7cf40;  1 drivers
v0x55555fc75c90_0 .net "cout", 0 0, L_0x55555fc7cb90;  1 drivers
v0x55555fc75d30_0 .net "fsum", 0 0, L_0x55555fc7c980;  1 drivers
v0x55555fc75e00_0 .net "s1", 0 0, L_0x55555fc7c8a0;  1 drivers
S_0x55555fc74c10 .scope module, "HA1" "Half_Adder" 2 18, 2 3 0, S_0x55555fc749b0;
 .timescale -9 -9;
    .port_info 0 /INPUT 1 "in_a";
    .port_info 1 /INPUT 1 "in_b";
    .port_info 2 /OUTPUT 1 "sum";
    .port_info 3 /OUTPUT 1 "carry";
L_0x55555fc7c8a0 .functor XOR 1, L_0x55555fc7cc00, L_0x55555fc7ce10, C4<0>, C4<0>;
L_0x55555fc7c910 .functor AND 1, L_0x55555fc7cc00, L_0x55555fc7ce10, C4<1>, C4<1>;
v0x55555fc74e40_0 .net "carry", 0 0, L_0x55555fc7c910;  alias, 1 drivers
v0x55555fc74f20_0 .net "in_a", 0 0, L_0x55555fc7cc00;  alias, 1 drivers
v0x55555fc74fe0_0 .net "in_b", 0 0, L_0x55555fc7ce10;  alias, 1 drivers
v0x55555fc750b0_0 .net "sum", 0 0, L_0x55555fc7c8a0;  alias, 1 drivers
S_0x55555fc75220 .scope module, "HA2" "Half_Adder" 2 19, 2 3 0, S_0x55555fc749b0;
 .timescale -9 -9;
    .port_info 0 /INPUT 1 "in_a";
    .port_info 1 /INPUT 1 "in_b";
    .port_info 2 /OUTPUT 1 "sum";
    .port_info 3 /OUTPUT 1 "carry";
L_0x55555fc7c980 .functor XOR 1, L_0x55555fc7c8a0, L_0x55555fc7cf40, C4<0>, C4<0>;
L_0x55555fc7cad0 .functor AND 1, L_0x55555fc7c8a0, L_0x55555fc7cf40, C4<1>, C4<1>;
v0x55555fc75490_0 .net "carry", 0 0, L_0x55555fc7cad0;  alias, 1 drivers
v0x55555fc75550_0 .net "in_a", 0 0, L_0x55555fc7c8a0;  alias, 1 drivers
v0x55555fc75640_0 .net "in_b", 0 0, L_0x55555fc7cf40;  alias, 1 drivers
v0x55555fc75710_0 .net "sum", 0 0, L_0x55555fc7c980;  alias, 1 drivers
S_0x55555fc75ef0 .scope generate, "genblk2[2]" "genblk2[2]" 2 44, 2 44 0, S_0x55555fc44ce0;
 .timescale -9 -9;
P_0x55555fc760d0 .param/l "i" 0 2 44, +C4<010>;
S_0x55555fc761b0 .scope module, "FA" "Full_Adder" 2 45, 2 13 0, S_0x55555fc75ef0;
 .timescale -9 -9;
    .port_info 0 /INPUT 1 "a";
    .port_info 1 /INPUT 1 "b";
    .port_info 2 /INPUT 1 "cin";
    .port_info 3 /OUTPUT 1 "fsum";
    .port_info 4 /OUTPUT 1 "cout";
L_0x55555fc7d490 .functor OR 1, L_0x55555fc7d1d0, L_0x55555fc7d3b0, C4<0>, C4<0>;
v0x55555fc770b0_0 .net "a", 0 0, L_0x55555fc7d520;  1 drivers
v0x55555fc77170_0 .net "b", 0 0, L_0x55555fc7d650;  1 drivers
v0x55555fc77240_0 .net "c1", 0 0, L_0x55555fc7d1d0;  1 drivers
v0x55555fc77340_0 .net "c2", 0 0, L_0x55555fc7d3b0;  1 drivers
v0x55555fc77410_0 .net "cin", 0 0, L_0x55555fc7d7f0;  1 drivers
v0x55555fc77500_0 .net "cout", 0 0, L_0x55555fc7d490;  1 drivers
v0x55555fc775a0_0 .net "fsum", 0 0, L_0x55555fc7d240;  1 drivers
v0x55555fc77670_0 .net "s1", 0 0, L_0x55555fc7d160;  1 drivers
S_0x55555fc76410 .scope module, "HA1" "Half_Adder" 2 18, 2 3 0, S_0x55555fc761b0;
 .timescale -9 -9;
    .port_info 0 /INPUT 1 "in_a";
    .port_info 1 /INPUT 1 "in_b";
    .port_info 2 /OUTPUT 1 "sum";
    .port_info 3 /OUTPUT 1 "carry";
L_0x55555fc7d160 .functor XOR 1, L_0x55555fc7d520, L_0x55555fc7d650, C4<0>, C4<0>;
L_0x55555fc7d1d0 .functor AND 1, L_0x55555fc7d520, L_0x55555fc7d650, C4<1>, C4<1>;
v0x55555fc766b0_0 .net "carry", 0 0, L_0x55555fc7d1d0;  alias, 1 drivers
v0x55555fc76790_0 .net "in_a", 0 0, L_0x55555fc7d520;  alias, 1 drivers
v0x55555fc76850_0 .net "in_b", 0 0, L_0x55555fc7d650;  alias, 1 drivers
v0x55555fc76920_0 .net "sum", 0 0, L_0x55555fc7d160;  alias, 1 drivers
S_0x55555fc76a90 .scope module, "HA2" "Half_Adder" 2 19, 2 3 0, S_0x55555fc761b0;
 .timescale -9 -9;
    .port_info 0 /INPUT 1 "in_a";
    .port_info 1 /INPUT 1 "in_b";
    .port_info 2 /OUTPUT 1 "sum";
    .port_info 3 /OUTPUT 1 "carry";
L_0x55555fc7d240 .functor XOR 1, L_0x55555fc7d160, L_0x55555fc7d7f0, C4<0>, C4<0>;
L_0x55555fc7d3b0 .functor AND 1, L_0x55555fc7d160, L_0x55555fc7d7f0, C4<1>, C4<1>;
v0x55555fc76d00_0 .net "carry", 0 0, L_0x55555fc7d3b0;  alias, 1 drivers
v0x55555fc76dc0_0 .net "in_a", 0 0, L_0x55555fc7d160;  alias, 1 drivers
v0x55555fc76eb0_0 .net "in_b", 0 0, L_0x55555fc7d7f0;  alias, 1 drivers
v0x55555fc76f80_0 .net "sum", 0 0, L_0x55555fc7d240;  alias, 1 drivers
S_0x55555fc77760 .scope generate, "genblk2[3]" "genblk2[3]" 2 44, 2 44 0, S_0x55555fc44ce0;
 .timescale -9 -9;
P_0x55555fc77940 .param/l "i" 0 2 44, +C4<011>;
S_0x55555fc77a20 .scope module, "FA" "Full_Adder" 2 45, 2 13 0, S_0x55555fc77760;
 .timescale -9 -9;
    .port_info 0 /INPUT 1 "a";
    .port_info 1 /INPUT 1 "b";
    .port_info 2 /INPUT 1 "cin";
    .port_info 3 /OUTPUT 1 "fsum";
    .port_info 4 /OUTPUT 1 "cout";
L_0x55555fc7dc40 .functor OR 1, L_0x55555fc7d940, L_0x55555fc7db60, C4<0>, C4<0>;
v0x55555fc78920_0 .net "a", 0 0, L_0x55555fc7dcd0;  1 drivers
v0x55555fc789e0_0 .net "b", 0 0, L_0x55555fc7df10;  1 drivers
v0x55555fc78ab0_0 .net "c1", 0 0, L_0x55555fc7d940;  1 drivers
v0x55555fc78bb0_0 .net "c2", 0 0, L_0x55555fc7db60;  1 drivers
v0x55555fc78c80_0 .net "cin", 0 0, L_0x55555fc7e040;  1 drivers
v0x55555fc78d70_0 .net "cout", 0 0, L_0x55555fc7dc40;  1 drivers
v0x55555fc78e10_0 .net "fsum", 0 0, L_0x55555fc7d9d0;  1 drivers
v0x55555fc78ee0_0 .net "s1", 0 0, L_0x55555fc7d890;  1 drivers
S_0x55555fc77c80 .scope module, "HA1" "Half_Adder" 2 18, 2 3 0, S_0x55555fc77a20;
 .timescale -9 -9;
    .port_info 0 /INPUT 1 "in_a";
    .port_info 1 /INPUT 1 "in_b";
    .port_info 2 /OUTPUT 1 "sum";
    .port_info 3 /OUTPUT 1 "carry";
L_0x55555fc7d890 .functor XOR 1, L_0x55555fc7dcd0, L_0x55555fc7df10, C4<0>, C4<0>;
L_0x55555fc7d940 .functor AND 1, L_0x55555fc7dcd0, L_0x55555fc7df10, C4<1>, C4<1>;
v0x55555fc77f20_0 .net "carry", 0 0, L_0x55555fc7d940;  alias, 1 drivers
v0x55555fc78000_0 .net "in_a", 0 0, L_0x55555fc7dcd0;  alias, 1 drivers
v0x55555fc780c0_0 .net "in_b", 0 0, L_0x55555fc7df10;  alias, 1 drivers
v0x55555fc78190_0 .net "sum", 0 0, L_0x55555fc7d890;  alias, 1 drivers
S_0x55555fc78300 .scope module, "HA2" "Half_Adder" 2 19, 2 3 0, S_0x55555fc77a20;
 .timescale -9 -9;
    .port_info 0 /INPUT 1 "in_a";
    .port_info 1 /INPUT 1 "in_b";
    .port_info 2 /OUTPUT 1 "sum";
    .port_info 3 /OUTPUT 1 "carry";
L_0x55555fc7d9d0 .functor XOR 1, L_0x55555fc7d890, L_0x55555fc7e040, C4<0>, C4<0>;
L_0x55555fc7db60 .functor AND 1, L_0x55555fc7d890, L_0x55555fc7e040, C4<1>, C4<1>;
v0x55555fc78570_0 .net "carry", 0 0, L_0x55555fc7db60;  alias, 1 drivers
v0x55555fc78630_0 .net "in_a", 0 0, L_0x55555fc7d890;  alias, 1 drivers
v0x55555fc78720_0 .net "in_b", 0 0, L_0x55555fc7e040;  alias, 1 drivers
v0x55555fc787f0_0 .net "sum", 0 0, L_0x55555fc7d9d0;  alias, 1 drivers
    .scope S_0x55555fc51fe0;
T_0 ;
    %vpi_call 2 68 "$dumpfile", "Carry_Lookahead.vcd" {0 0 0};
    %vpi_call 2 69 "$dumpvars", 32'sb00000000000000000000000000000000, S_0x55555fc51fe0 {0 0 0};
    %end;
    .thread T_0;
    .scope S_0x55555fc51fe0;
T_1 ;
    %pushi/vec4 0, 0, 4;
    %store/vec4 v0x55555fc79760_0, 0, 4;
    %pushi/vec4 6, 0, 4;
    %store/vec4 v0x55555fc79840_0, 0, 4;
    %delay 50, 0;
    %pushi/vec4 10, 0, 4;
    %store/vec4 v0x55555fc79760_0, 0, 4;
    %pushi/vec4 1, 0, 4;
    %store/vec4 v0x55555fc79840_0, 0, 4;
    %delay 50, 0;
    %pushi/vec4 7, 0, 4;
    %store/vec4 v0x55555fc79760_0, 0, 4;
    %pushi/vec4 10, 0, 4;
    %store/vec4 v0x55555fc79840_0, 0, 4;
    %delay 50, 0;
    %pushi/vec4 5, 0, 4;
    %store/vec4 v0x55555fc79760_0, 0, 4;
    %pushi/vec4 15, 0, 4;
    %store/vec4 v0x55555fc79840_0, 0, 4;
    %delay 50, 0;
    %pushi/vec4 12, 0, 4;
    %store/vec4 v0x55555fc79760_0, 0, 4;
    %pushi/vec4 13, 0, 4;
    %store/vec4 v0x55555fc79840_0, 0, 4;
    %delay 50, 0;
    %pushi/vec4 7, 0, 4;
    %store/vec4 v0x55555fc79760_0, 0, 4;
    %pushi/vec4 9, 0, 4;
    %store/vec4 v0x55555fc79840_0, 0, 4;
    %delay 50, 0;
    %pushi/vec4 1, 0, 4;
    %store/vec4 v0x55555fc79760_0, 0, 4;
    %pushi/vec4 15, 0, 4;
    %store/vec4 v0x55555fc79840_0, 0, 4;
    %delay 50, 0;
    %pushi/vec4 5, 0, 4;
    %store/vec4 v0x55555fc79760_0, 0, 4;
    %pushi/vec4 10, 0, 4;
    %store/vec4 v0x55555fc79840_0, 0, 4;
    %delay 50, 0;
    %pushi/vec4 15, 0, 4;
    %store/vec4 v0x55555fc79760_0, 0, 4;
    %pushi/vec4 10, 0, 4;
    %store/vec4 v0x55555fc79840_0, 0, 4;
    %delay 50, 0;
    %pushi/vec4 10, 0, 4;
    %store/vec4 v0x55555fc79760_0, 0, 4;
    %pushi/vec4 3, 0, 4;
    %store/vec4 v0x55555fc79840_0, 0, 4;
    %delay 50, 0;
    %pushi/vec4 8, 0, 4;
    %store/vec4 v0x55555fc79760_0, 0, 4;
    %pushi/vec4 7, 0, 4;
    %store/vec4 v0x55555fc79840_0, 0, 4;
    %delay 50, 0;
    %pushi/vec4 5, 0, 4;
    %store/vec4 v0x55555fc79760_0, 0, 4;
    %pushi/vec4 1, 0, 4;
    %store/vec4 v0x55555fc79840_0, 0, 4;
    %delay 50, 0;
    %pushi/vec4 5, 0, 4;
    %store/vec4 v0x55555fc79760_0, 0, 4;
    %pushi/vec4 15, 0, 4;
    %store/vec4 v0x55555fc79840_0, 0, 4;
    %delay 50, 0;
    %pushi/vec4 11, 0, 4;
    %store/vec4 v0x55555fc79760_0, 0, 4;
    %pushi/vec4 9, 0, 4;
    %store/vec4 v0x55555fc79840_0, 0, 4;
    %delay 50, 0;
    %pushi/vec4 1, 0, 4;
    %store/vec4 v0x55555fc79760_0, 0, 4;
    %pushi/vec4 2, 0, 4;
    %store/vec4 v0x55555fc79840_0, 0, 4;
    %delay 50, 0;
    %pushi/vec4 13, 0, 4;
    %store/vec4 v0x55555fc79760_0, 0, 4;
    %pushi/vec4 15, 0, 4;
    %store/vec4 v0x55555fc79840_0, 0, 4;
    %delay 50, 0;
    %end;
    .thread T_1;
    .scope S_0x55555fc51fe0;
T_2 ;
    %vpi_call 2 126 "$monitor", "A = %b\011B = %b\011Sum = %b\011Carry = %d", v0x55555fc79760_0, v0x55555fc79840_0, v0x55555fc79910_0, v0x55555fc79a10_0 {0 0 0};
    %end;
    .thread T_2;
# The file index is used to find the file name in the following table.
:file_names 3;
    "N/A";
    "<interactive>";
    "Carry_Lookahead_Adder.v";
