#! /usr/local/bin/vvp
:ivl_version "11.0 (devel)" "(s20150603-664-g65aff653)";
:ivl_delay_selection "TYPICAL";
:vpi_time_precision - 9;
:vpi_module "system";
:vpi_module "vhdl_sys";
:vpi_module "vhdl_textio";
:vpi_module "v2005_math";
:vpi_module "va_math";
S_0x55ac3628abe0 .scope module, "Mag_Comp_tb" "Mag_Comp_tb" 2 30;
 .timescale -9 -9;
v0x55ac362b90c0_0 .net "answer1", 0 0, L_0x55ac362ba6e0;  1 drivers
v0x55ac362b9180_0 .net "answer2", 0 0, L_0x55ac362bc810;  1 drivers
v0x55ac362b9250_0 .net "answer3", 0 0, L_0x55ac362bca90;  1 drivers
v0x55ac362b9350_0 .var "in_a", 3 0;
v0x55ac362b9420_0 .var "in_b", 3 0;
S_0x55ac36291420 .scope module, "M1" "Mag_Comp" 2 35, 2 2 0, S_0x55ac3628abe0;
 .timescale -9 -9;
    .port_info 0 /INPUT 4 "in_a";
    .port_info 1 /INPUT 4 "in_b";
    .port_info 2 /OUTPUT 1 "a1";
    .port_info 3 /OUTPUT 1 "a2";
    .port_info 4 /OUTPUT 1 "a3";
L_0x55ac362ba320 .functor AND 1, L_0x55ac362ba130, L_0x55ac362ba280, C4<1>, C4<1>;
L_0x55ac362ba580 .functor AND 1, L_0x55ac362ba320, L_0x55ac362ba3e0, C4<1>, C4<1>;
L_0x55ac362ba6e0 .functor AND 1, L_0x55ac362ba580, L_0x55ac362ba640, C4<1>, C4<1>;
L_0x55ac362ba510 .functor NOT 1, L_0x55ac362ba960, C4<0>, C4<0>, C4<0>;
L_0x55ac362baa80 .functor AND 1, L_0x55ac362ba840, L_0x55ac362ba510, C4<1>, C4<1>;
L_0x55ac362bad60 .functor AND 1, L_0x55ac362bab90, L_0x55ac362bacc0, C4<1>, C4<1>;
L_0x55ac362baff0 .functor NOT 1, L_0x55ac362baeb0, C4<0>, C4<0>, C4<0>;
L_0x55ac362bb0b0 .functor AND 1, L_0x55ac362bad60, L_0x55ac362baff0, C4<1>, C4<1>;
L_0x55ac362bb210 .functor OR 1, L_0x55ac362baa80, L_0x55ac362bb0b0, C4<0>, C4<0>;
L_0x55ac362bb510 .functor AND 1, L_0x55ac362bb320, L_0x55ac362bb3c0, C4<1>, C4<1>;
L_0x55ac362bb680 .functor AND 1, L_0x55ac362bb510, L_0x55ac362baf50, C4<1>, C4<1>;
L_0x55ac362bb9b0 .functor NOT 1, L_0x55ac362bb740, C4<0>, C4<0>, C4<0>;
L_0x55ac362bbae0 .functor AND 1, L_0x55ac362bb680, L_0x55ac362bb9b0, C4<1>, C4<1>;
L_0x55ac362bbbf0 .functor OR 1, L_0x55ac362bb210, L_0x55ac362bbae0, C4<0>, C4<0>;
L_0x55ac362bba70 .functor AND 1, L_0x55ac362bbd80, L_0x55ac362bbe20, C4<1>, C4<1>;
L_0x55ac362bc0d0 .functor AND 1, L_0x55ac362bba70, L_0x55ac362bc030, C4<1>, C4<1>;
L_0x55ac362bc3f0 .functor AND 1, L_0x55ac362bc0d0, L_0x55ac362bc270, C4<1>, C4<1>;
L_0x55ac362bc5a0 .functor NOT 1, L_0x55ac362bc500, C4<0>, C4<0>, C4<0>;
L_0x55ac362bc700 .functor AND 1, L_0x55ac362bc3f0, L_0x55ac362bc5a0, C4<1>, C4<1>;
L_0x55ac362bc810 .functor OR 1, L_0x55ac362bbbf0, L_0x55ac362bc700, C4<0>, C4<0>;
L_0x55ac362bca20 .functor OR 1, L_0x55ac362ba6e0, L_0x55ac362bc810, C4<0>, C4<0>;
L_0x55ac362bca90 .functor NOT 1, L_0x55ac362bca20, C4<0>, C4<0>, C4<0>;
v0x55ac362b6850_0 .net *"_ivl_18", 0 0, L_0x55ac362ba130;  1 drivers
v0x55ac362b6950_0 .net *"_ivl_20", 0 0, L_0x55ac362ba280;  1 drivers
v0x55ac362b6a30_0 .net *"_ivl_21", 0 0, L_0x55ac362ba320;  1 drivers
v0x55ac362b6b20_0 .net *"_ivl_24", 0 0, L_0x55ac362ba3e0;  1 drivers
v0x55ac362b6c00_0 .net *"_ivl_25", 0 0, L_0x55ac362ba580;  1 drivers
v0x55ac362b6d30_0 .net *"_ivl_28", 0 0, L_0x55ac362ba640;  1 drivers
v0x55ac362b6e10_0 .net *"_ivl_32", 0 0, L_0x55ac362ba840;  1 drivers
v0x55ac362b6ef0_0 .net *"_ivl_34", 0 0, L_0x55ac362ba960;  1 drivers
v0x55ac362b6fd0_0 .net *"_ivl_35", 0 0, L_0x55ac362ba510;  1 drivers
v0x55ac362b70b0_0 .net *"_ivl_37", 0 0, L_0x55ac362baa80;  1 drivers
v0x55ac362b7190_0 .net *"_ivl_40", 0 0, L_0x55ac362bab90;  1 drivers
v0x55ac362b7270_0 .net *"_ivl_42", 0 0, L_0x55ac362bacc0;  1 drivers
v0x55ac362b7350_0 .net *"_ivl_43", 0 0, L_0x55ac362bad60;  1 drivers
v0x55ac362b7430_0 .net *"_ivl_46", 0 0, L_0x55ac362baeb0;  1 drivers
v0x55ac362b7510_0 .net *"_ivl_47", 0 0, L_0x55ac362baff0;  1 drivers
v0x55ac362b75f0_0 .net *"_ivl_49", 0 0, L_0x55ac362bb0b0;  1 drivers
v0x55ac362b76d0_0 .net *"_ivl_51", 0 0, L_0x55ac362bb210;  1 drivers
v0x55ac362b77b0_0 .net *"_ivl_54", 0 0, L_0x55ac362bb320;  1 drivers
v0x55ac362b7890_0 .net *"_ivl_56", 0 0, L_0x55ac362bb3c0;  1 drivers
v0x55ac362b7970_0 .net *"_ivl_57", 0 0, L_0x55ac362bb510;  1 drivers
v0x55ac362b7a50_0 .net *"_ivl_60", 0 0, L_0x55ac362baf50;  1 drivers
v0x55ac362b7b30_0 .net *"_ivl_61", 0 0, L_0x55ac362bb680;  1 drivers
v0x55ac362b7c10_0 .net *"_ivl_64", 0 0, L_0x55ac362bb740;  1 drivers
v0x55ac362b7cf0_0 .net *"_ivl_65", 0 0, L_0x55ac362bb9b0;  1 drivers
v0x55ac362b7dd0_0 .net *"_ivl_67", 0 0, L_0x55ac362bbae0;  1 drivers
v0x55ac362b7eb0_0 .net *"_ivl_69", 0 0, L_0x55ac362bbbf0;  1 drivers
v0x55ac362b7f90_0 .net *"_ivl_72", 0 0, L_0x55ac362bbd80;  1 drivers
v0x55ac362b8070_0 .net *"_ivl_74", 0 0, L_0x55ac362bbe20;  1 drivers
v0x55ac362b8150_0 .net *"_ivl_75", 0 0, L_0x55ac362bba70;  1 drivers
v0x55ac362b8230_0 .net *"_ivl_78", 0 0, L_0x55ac362bc030;  1 drivers
v0x55ac362b8310_0 .net *"_ivl_79", 0 0, L_0x55ac362bc0d0;  1 drivers
v0x55ac362b83f0_0 .net *"_ivl_82", 0 0, L_0x55ac362bc270;  1 drivers
v0x55ac362b84d0_0 .net *"_ivl_83", 0 0, L_0x55ac362bc3f0;  1 drivers
v0x55ac362b87c0_0 .net *"_ivl_86", 0 0, L_0x55ac362bc500;  1 drivers
v0x55ac362b88a0_0 .net *"_ivl_87", 0 0, L_0x55ac362bc5a0;  1 drivers
v0x55ac362b8980_0 .net *"_ivl_89", 0 0, L_0x55ac362bc700;  1 drivers
v0x55ac362b8a60_0 .net *"_ivl_93", 0 0, L_0x55ac362bca20;  1 drivers
v0x55ac362b8b40_0 .net "a1", 0 0, L_0x55ac362ba6e0;  alias, 1 drivers
v0x55ac362b8c00_0 .net "a2", 0 0, L_0x55ac362bc810;  alias, 1 drivers
v0x55ac362b8cc0_0 .net "a3", 0 0, L_0x55ac362bca90;  alias, 1 drivers
v0x55ac362b8d80_0 .net "in_a", 3 0, v0x55ac362b9350_0;  1 drivers
v0x55ac362b8e60_0 .net "in_b", 3 0, v0x55ac362b9420_0;  1 drivers
v0x55ac362b8f40_0 .net "x", 3 0, L_0x55ac362b9c80;  1 drivers
L_0x55ac362b94c0 .part v0x55ac362b9350_0, 3, 1;
L_0x55ac362b95e0 .part v0x55ac362b9420_0, 3, 1;
L_0x55ac362b97e0 .part v0x55ac362b9350_0, 2, 1;
L_0x55ac362b9880 .part v0x55ac362b9420_0, 2, 1;
L_0x55ac362b9a90 .part v0x55ac362b9350_0, 1, 1;
L_0x55ac362b9b30 .part v0x55ac362b9420_0, 1, 1;
L_0x55ac362b9c80 .concat8 [ 1 1 1 1], L_0x55ac362b9fd0, L_0x55ac362b9c10, L_0x55ac362b9950, L_0x55ac362b96d0;
L_0x55ac362b9e40 .part v0x55ac362b9350_0, 0, 1;
L_0x55ac362b9f30 .part v0x55ac362b9420_0, 0, 1;
L_0x55ac362ba130 .part L_0x55ac362b9c80, 3, 1;
L_0x55ac362ba280 .part L_0x55ac362b9c80, 2, 1;
L_0x55ac362ba3e0 .part L_0x55ac362b9c80, 1, 1;
L_0x55ac362ba640 .part L_0x55ac362b9c80, 0, 1;
L_0x55ac362ba840 .part v0x55ac362b9350_0, 3, 1;
L_0x55ac362ba960 .part v0x55ac362b9420_0, 3, 1;
L_0x55ac362bab90 .part L_0x55ac362b9c80, 3, 1;
L_0x55ac362bacc0 .part v0x55ac362b9350_0, 2, 1;
L_0x55ac362baeb0 .part v0x55ac362b9420_0, 2, 1;
L_0x55ac362bb320 .part L_0x55ac362b9c80, 3, 1;
L_0x55ac362bb3c0 .part L_0x55ac362b9c80, 2, 1;
L_0x55ac362baf50 .part v0x55ac362b9350_0, 1, 1;
L_0x55ac362bb740 .part v0x55ac362b9420_0, 1, 1;
L_0x55ac362bbd80 .part L_0x55ac362b9c80, 3, 1;
L_0x55ac362bbe20 .part L_0x55ac362b9c80, 2, 1;
L_0x55ac362bc030 .part L_0x55ac362b9c80, 1, 1;
L_0x55ac362bc270 .part v0x55ac362b9350_0, 0, 1;
L_0x55ac362bc500 .part v0x55ac362b9420_0, 0, 1;
S_0x55ac36291600 .scope generate, "genblk1[0]" "genblk1[0]" 2 14, 2 14 0, S_0x55ac36291420;
 .timescale -9 -9;
P_0x55ac36258380 .param/l "i" 0 2 14, +C4<00>;
L_0x55ac362b9fd0 .functor XNOR 1, L_0x55ac362b9e40, L_0x55ac362b9f30, C4<0>, C4<0>;
v0x55ac36258420_0 .net *"_ivl_0", 0 0, L_0x55ac362b9e40;  1 drivers
v0x55ac362b5650_0 .net *"_ivl_1", 0 0, L_0x55ac362b9f30;  1 drivers
v0x55ac362b5730_0 .net *"_ivl_2", 0 0, L_0x55ac362b9fd0;  1 drivers
S_0x55ac362b57f0 .scope generate, "genblk1[1]" "genblk1[1]" 2 14, 2 14 0, S_0x55ac36291420;
 .timescale -9 -9;
P_0x55ac362b5a10 .param/l "i" 0 2 14, +C4<01>;
L_0x55ac362b9c10 .functor XNOR 1, L_0x55ac362b9a90, L_0x55ac362b9b30, C4<0>, C4<0>;
v0x55ac362b5ad0_0 .net *"_ivl_0", 0 0, L_0x55ac362b9a90;  1 drivers
v0x55ac362b5bb0_0 .net *"_ivl_1", 0 0, L_0x55ac362b9b30;  1 drivers
v0x55ac362b5c90_0 .net *"_ivl_2", 0 0, L_0x55ac362b9c10;  1 drivers
S_0x55ac362b5d50 .scope generate, "genblk1[2]" "genblk1[2]" 2 14, 2 14 0, S_0x55ac36291420;
 .timescale -9 -9;
P_0x55ac362b5f50 .param/l "i" 0 2 14, +C4<010>;
L_0x55ac362b9950 .functor XNOR 1, L_0x55ac362b97e0, L_0x55ac362b9880, C4<0>, C4<0>;
v0x55ac362b6010_0 .net *"_ivl_0", 0 0, L_0x55ac362b97e0;  1 drivers
v0x55ac362b60f0_0 .net *"_ivl_1", 0 0, L_0x55ac362b9880;  1 drivers
v0x55ac362b61d0_0 .net *"_ivl_2", 0 0, L_0x55ac362b9950;  1 drivers
S_0x55ac362b62c0 .scope generate, "genblk1[3]" "genblk1[3]" 2 14, 2 14 0, S_0x55ac36291420;
 .timescale -9 -9;
P_0x55ac362b64c0 .param/l "i" 0 2 14, +C4<011>;
L_0x55ac362b96d0 .functor XNOR 1, L_0x55ac362b94c0, L_0x55ac362b95e0, C4<0>, C4<0>;
v0x55ac362b65a0_0 .net *"_ivl_0", 0 0, L_0x55ac362b94c0;  1 drivers
v0x55ac362b6680_0 .net *"_ivl_1", 0 0, L_0x55ac362b95e0;  1 drivers
v0x55ac362b6760_0 .net *"_ivl_2", 0 0, L_0x55ac362b96d0;  1 drivers
    .scope S_0x55ac3628abe0;
T_0 ;
    %vpi_call 2 39 "$dumpfile", "Mag_Comp.vcd" {0 0 0};
    %vpi_call 2 40 "$dumpvars", 32'sb00000000000000000000000000000000, S_0x55ac3628abe0 {0 0 0};
    %end;
    .thread T_0;
    .scope S_0x55ac3628abe0;
T_1 ;
    %pushi/vec4 6, 0, 4;
    %store/vec4 v0x55ac362b9350_0, 0, 4;
    %pushi/vec4 6, 0, 4;
    %store/vec4 v0x55ac362b9420_0, 0, 4;
    %delay 30, 0;
    %pushi/vec4 5, 0, 4;
    %store/vec4 v0x55ac362b9350_0, 0, 4;
    %pushi/vec4 9, 0, 4;
    %store/vec4 v0x55ac362b9420_0, 0, 4;
    %delay 30, 0;
    %pushi/vec4 6, 0, 4;
    %store/vec4 v0x55ac362b9350_0, 0, 4;
    %pushi/vec4 14, 0, 4;
    %store/vec4 v0x55ac362b9420_0, 0, 4;
    %delay 30, 0;
    %pushi/vec4 0, 0, 4;
    %store/vec4 v0x55ac362b9350_0, 0, 4;
    %pushi/vec4 0, 0, 4;
    %store/vec4 v0x55ac362b9420_0, 0, 4;
    %delay 30, 0;
    %pushi/vec4 15, 0, 4;
    %store/vec4 v0x55ac362b9350_0, 0, 4;
    %pushi/vec4 15, 0, 4;
    %store/vec4 v0x55ac362b9420_0, 0, 4;
    %delay 30, 0;
    %pushi/vec4 1, 0, 4;
    %store/vec4 v0x55ac362b9350_0, 0, 4;
    %pushi/vec4 0, 0, 4;
    %store/vec4 v0x55ac362b9420_0, 0, 4;
    %delay 30, 0;
    %pushi/vec4 10, 0, 4;
    %store/vec4 v0x55ac362b9350_0, 0, 4;
    %pushi/vec4 5, 0, 4;
    %store/vec4 v0x55ac362b9420_0, 0, 4;
    %delay 30, 0;
    %pushi/vec4 14, 0, 4;
    %store/vec4 v0x55ac362b9350_0, 0, 4;
    %pushi/vec4 3, 0, 4;
    %store/vec4 v0x55ac362b9420_0, 0, 4;
    %delay 30, 0;
    %end;
    .thread T_1;
    .scope S_0x55ac3628abe0;
T_2 ;
    %vpi_call 2 80 "$monitor", "A = %b\011B = %b\011 %b %b %b", v0x55ac362b9350_0, v0x55ac362b9420_0, v0x55ac362b90c0_0, v0x55ac362b9180_0, v0x55ac362b9250_0 {0 0 0};
    %end;
    .thread T_2;
# The file index is used to find the file name in the following table.
:file_names 3;
    "N/A";
    "<interactive>";
    "Mag_Comp.v";
