#! /usr/local/bin/vvp
:ivl_version "11.0 (devel)" "(s20150603-664-g65aff653)";
:ivl_delay_selection "TYPICAL";
:vpi_time_precision + 0;
:vpi_module "system";
:vpi_module "vhdl_sys";
:vpi_module "vhdl_textio";
:vpi_module "v2005_math";
:vpi_module "va_math";
S_0x558a0b682a70 .scope module, "regi_TB" "regi_TB" 2 1;
 .timescale 0 0;
v0x558a0b6c6140_0 .var "D", 31 0;
v0x558a0b6c6220_0 .var "En", 0 0;
v0x558a0b6c62c0_0 .net "Q", 31 0, L_0x558a0b6c8b20;  1 drivers
v0x558a0b6c63c0_0 .var "r", 0 0;
E_0x558a0b673580 .event edge, v0x558a0b6c5670_0;
S_0x558a0b684470 .scope module, "R1" "regi" 2 5, 3 1 0, S_0x558a0b682a70;
 .timescale 0 0;
    .port_info 0 /INPUT 32 "D";
    .port_info 1 /INPUT 1 "clk";
    .port_info 2 /OUTPUT 32 "Q";
    .port_info 3 /INPUT 1 "r";
v0x558a0b6c5570_0 .net "D", 31 0, v0x558a0b6c6140_0;  1 drivers
v0x558a0b6c5670_0 .net "Q", 31 0, L_0x558a0b6c8b20;  alias, 1 drivers
v0x558a0b6c5750_0 .net "clk", 0 0, v0x558a0b6c6220_0;  1 drivers
v0x558a0b6c5c00_0 .net "r", 0 0, v0x558a0b6c63c0_0;  1 drivers
L_0x558a0b6c6460 .part v0x558a0b6c6140_0, 0, 1;
L_0x558a0b6c6580 .part v0x558a0b6c6140_0, 1, 1;
L_0x558a0b6c6620 .part v0x558a0b6c6140_0, 2, 1;
L_0x558a0b6c66f0 .part v0x558a0b6c6140_0, 3, 1;
L_0x558a0b6c67f0 .part v0x558a0b6c6140_0, 4, 1;
L_0x558a0b6c68c0 .part v0x558a0b6c6140_0, 5, 1;
L_0x558a0b6c69d0 .part v0x558a0b6c6140_0, 6, 1;
L_0x558a0b6c6a70 .part v0x558a0b6c6140_0, 7, 1;
L_0x558a0b6c6b90 .part v0x558a0b6c6140_0, 8, 1;
L_0x558a0b6c6c60 .part v0x558a0b6c6140_0, 9, 1;
L_0x558a0b6c6d90 .part v0x558a0b6c6140_0, 10, 1;
L_0x558a0b6c6e60 .part v0x558a0b6c6140_0, 11, 1;
L_0x558a0b6c6fa0 .part v0x558a0b6c6140_0, 12, 1;
L_0x558a0b6c7070 .part v0x558a0b6c6140_0, 13, 1;
L_0x558a0b6c71c0 .part v0x558a0b6c6140_0, 14, 1;
L_0x558a0b6c7290 .part v0x558a0b6c6140_0, 15, 1;
L_0x558a0b6c73f0 .part v0x558a0b6c6140_0, 16, 1;
L_0x558a0b6c74c0 .part v0x558a0b6c6140_0, 17, 1;
L_0x558a0b6c7630 .part v0x558a0b6c6140_0, 18, 1;
L_0x558a0b6c7700 .part v0x558a0b6c6140_0, 19, 1;
L_0x558a0b6c7590 .part v0x558a0b6c6140_0, 20, 1;
L_0x558a0b6c78b0 .part v0x558a0b6c6140_0, 21, 1;
L_0x558a0b6c7a40 .part v0x558a0b6c6140_0, 22, 1;
L_0x558a0b6c7b10 .part v0x558a0b6c6140_0, 23, 1;
L_0x558a0b6c7cb0 .part v0x558a0b6c6140_0, 24, 1;
L_0x558a0b6c7d80 .part v0x558a0b6c6140_0, 25, 1;
L_0x558a0b6c7f30 .part v0x558a0b6c6140_0, 26, 1;
L_0x558a0b6c8000 .part v0x558a0b6c6140_0, 27, 1;
L_0x558a0b6c81c0 .part v0x558a0b6c6140_0, 28, 1;
L_0x558a0b6c8290 .part v0x558a0b6c6140_0, 29, 1;
L_0x558a0b6c8460 .part v0x558a0b6c6140_0, 30, 1;
L_0x558a0b6c8940 .part v0x558a0b6c6140_0, 31, 1;
LS_0x558a0b6c8b20_0_0 .concat8 [ 1 1 1 1], v0x558a0b686000_0, v0x558a0b682c00_0, v0x558a0b6b4da0_0, v0x558a0b6b5670_0;
LS_0x558a0b6c8b20_0_4 .concat8 [ 1 1 1 1], v0x558a0b6b5ef0_0, v0x558a0b6b6710_0, v0x558a0b6b6fe0_0, v0x558a0b6b78b0_0;
LS_0x558a0b6c8b20_0_8 .concat8 [ 1 1 1 1], v0x558a0b6b81c0_0, v0x558a0b6b8ba0_0, v0x558a0b6b9470_0, v0x558a0b6b9d40_0;
LS_0x558a0b6c8b20_0_12 .concat8 [ 1 1 1 1], v0x558a0b6ba610_0, v0x558a0b6baee0_0, v0x558a0b6bb7b0_0, v0x558a0b6bc080_0;
LS_0x558a0b6c8b20_0_16 .concat8 [ 1 1 1 1], v0x558a0b6bca60_0, v0x558a0b6bd750_0, v0x558a0b6be020_0, v0x558a0b6be8f0_0;
LS_0x558a0b6c8b20_0_20 .concat8 [ 1 1 1 1], v0x558a0b6bf1c0_0, v0x558a0b6bfa90_0, v0x558a0b6c0360_0, v0x558a0b6c0c30_0;
LS_0x558a0b6c8b20_0_24 .concat8 [ 1 1 1 1], v0x558a0b6c1500_0, v0x558a0b6c1dd0_0, v0x558a0b6c26a0_0, v0x558a0b6c2f70_0;
LS_0x558a0b6c8b20_0_28 .concat8 [ 1 1 1 1], v0x558a0b6c3840_0, v0x558a0b6c4110_0, v0x558a0b6c49e0_0, v0x558a0b6c52b0_0;
LS_0x558a0b6c8b20_1_0 .concat8 [ 4 4 4 4], LS_0x558a0b6c8b20_0_0, LS_0x558a0b6c8b20_0_4, LS_0x558a0b6c8b20_0_8, LS_0x558a0b6c8b20_0_12;
LS_0x558a0b6c8b20_1_4 .concat8 [ 4 4 4 4], LS_0x558a0b6c8b20_0_16, LS_0x558a0b6c8b20_0_20, LS_0x558a0b6c8b20_0_24, LS_0x558a0b6c8b20_0_28;
L_0x558a0b6c8b20 .concat8 [ 16 16 0 0], LS_0x558a0b6c8b20_1_0, LS_0x558a0b6c8b20_1_4;
S_0x558a0b685170 .scope generate, "genblk1[0]" "genblk1[0]" 3 7, 3 7 0, S_0x558a0b684470;
 .timescale 0 0;
P_0x558a0b698600 .param/l "i" 0 3 7, +C4<00>;
S_0x558a0b685e70 .scope module, "d" "dff" 3 9, 4 1 0, S_0x558a0b685170;
 .timescale 0 0;
    .port_info 0 /INPUT 1 "D";
    .port_info 1 /INPUT 1 "clk";
    .port_info 2 /OUTPUT 1 "Q";
    .port_info 3 /INPUT 1 "r";
v0x558a0b6823c0_0 .net "D", 0 0, L_0x558a0b6c6460;  1 drivers
v0x558a0b686000_0 .var "Q", 0 0;
v0x558a0b685300_0 .net "clk", 0 0, v0x558a0b6c6220_0;  alias, 1 drivers
v0x558a0b684600_0 .net "r", 0 0, v0x558a0b6c63c0_0;  alias, 1 drivers
E_0x558a0b673690 .event posedge, v0x558a0b685300_0;
S_0x558a0b686b70 .scope generate, "genblk1[1]" "genblk1[1]" 3 7, 3 7 0, S_0x558a0b684470;
 .timescale 0 0;
P_0x558a0b6b4530 .param/l "i" 0 3 7, +C4<01>;
S_0x558a0b683770 .scope module, "d" "dff" 3 9, 4 1 0, S_0x558a0b686b70;
 .timescale 0 0;
    .port_info 0 /INPUT 1 "D";
    .port_info 1 /INPUT 1 "clk";
    .port_info 2 /OUTPUT 1 "Q";
    .port_info 3 /INPUT 1 "r";
v0x558a0b683900_0 .net "D", 0 0, L_0x558a0b6c6580;  1 drivers
v0x558a0b682c00_0 .var "Q", 0 0;
v0x558a0b681d90_0 .net "clk", 0 0, v0x558a0b6c6220_0;  alias, 1 drivers
v0x558a0b6b46d0_0 .net "r", 0 0, v0x558a0b6c63c0_0;  alias, 1 drivers
S_0x558a0b6b47f0 .scope generate, "genblk1[2]" "genblk1[2]" 3 7, 3 7 0, S_0x558a0b684470;
 .timescale 0 0;
P_0x558a0b6b49f0 .param/l "i" 0 3 7, +C4<010>;
S_0x558a0b6b4ab0 .scope module, "d" "dff" 3 9, 4 1 0, S_0x558a0b6b47f0;
 .timescale 0 0;
    .port_info 0 /INPUT 1 "D";
    .port_info 1 /INPUT 1 "clk";
    .port_info 2 /OUTPUT 1 "Q";
    .port_info 3 /INPUT 1 "r";
v0x558a0b6b4cc0_0 .net "D", 0 0, L_0x558a0b6c6620;  1 drivers
v0x558a0b6b4da0_0 .var "Q", 0 0;
v0x558a0b6b4e60_0 .net "clk", 0 0, v0x558a0b6c6220_0;  alias, 1 drivers
v0x558a0b6b4f80_0 .net "r", 0 0, v0x558a0b6c63c0_0;  alias, 1 drivers
S_0x558a0b6b50d0 .scope generate, "genblk1[3]" "genblk1[3]" 3 7, 3 7 0, S_0x558a0b684470;
 .timescale 0 0;
P_0x558a0b6b52d0 .param/l "i" 0 3 7, +C4<011>;
S_0x558a0b6b53b0 .scope module, "d" "dff" 3 9, 4 1 0, S_0x558a0b6b50d0;
 .timescale 0 0;
    .port_info 0 /INPUT 1 "D";
    .port_info 1 /INPUT 1 "clk";
    .port_info 2 /OUTPUT 1 "Q";
    .port_info 3 /INPUT 1 "r";
v0x558a0b6b5590_0 .net "D", 0 0, L_0x558a0b6c66f0;  1 drivers
v0x558a0b6b5670_0 .var "Q", 0 0;
v0x558a0b6b5730_0 .net "clk", 0 0, v0x558a0b6c6220_0;  alias, 1 drivers
v0x558a0b6b57d0_0 .net "r", 0 0, v0x558a0b6c63c0_0;  alias, 1 drivers
S_0x558a0b6b5900 .scope generate, "genblk1[4]" "genblk1[4]" 3 7, 3 7 0, S_0x558a0b684470;
 .timescale 0 0;
P_0x558a0b6b5b50 .param/l "i" 0 3 7, +C4<0100>;
S_0x558a0b6b5c30 .scope module, "d" "dff" 3 9, 4 1 0, S_0x558a0b6b5900;
 .timescale 0 0;
    .port_info 0 /INPUT 1 "D";
    .port_info 1 /INPUT 1 "clk";
    .port_info 2 /OUTPUT 1 "Q";
    .port_info 3 /INPUT 1 "r";
v0x558a0b6b5e10_0 .net "D", 0 0, L_0x558a0b6c67f0;  1 drivers
v0x558a0b6b5ef0_0 .var "Q", 0 0;
v0x558a0b6b5fb0_0 .net "clk", 0 0, v0x558a0b6c6220_0;  alias, 1 drivers
v0x558a0b6b6050_0 .net "r", 0 0, v0x558a0b6c63c0_0;  alias, 1 drivers
S_0x558a0b6b6210 .scope generate, "genblk1[5]" "genblk1[5]" 3 7, 3 7 0, S_0x558a0b684470;
 .timescale 0 0;
P_0x558a0b6b4f30 .param/l "i" 0 3 7, +C4<0101>;
S_0x558a0b6b6450 .scope module, "d" "dff" 3 9, 4 1 0, S_0x558a0b6b6210;
 .timescale 0 0;
    .port_info 0 /INPUT 1 "D";
    .port_info 1 /INPUT 1 "clk";
    .port_info 2 /OUTPUT 1 "Q";
    .port_info 3 /INPUT 1 "r";
v0x558a0b6b6630_0 .net "D", 0 0, L_0x558a0b6c68c0;  1 drivers
v0x558a0b6b6710_0 .var "Q", 0 0;
v0x558a0b6b67d0_0 .net "clk", 0 0, v0x558a0b6c6220_0;  alias, 1 drivers
v0x558a0b6b68a0_0 .net "r", 0 0, v0x558a0b6c63c0_0;  alias, 1 drivers
S_0x558a0b6b69d0 .scope generate, "genblk1[6]" "genblk1[6]" 3 7, 3 7 0, S_0x558a0b684470;
 .timescale 0 0;
P_0x558a0b6b6bd0 .param/l "i" 0 3 7, +C4<0110>;
S_0x558a0b6b6cb0 .scope module, "d" "dff" 3 9, 4 1 0, S_0x558a0b6b69d0;
 .timescale 0 0;
    .port_info 0 /INPUT 1 "D";
    .port_info 1 /INPUT 1 "clk";
    .port_info 2 /OUTPUT 1 "Q";
    .port_info 3 /INPUT 1 "r";
v0x558a0b6b6f00_0 .net "D", 0 0, L_0x558a0b6c69d0;  1 drivers
v0x558a0b6b6fe0_0 .var "Q", 0 0;
v0x558a0b6b70a0_0 .net "clk", 0 0, v0x558a0b6c6220_0;  alias, 1 drivers
v0x558a0b6b7170_0 .net "r", 0 0, v0x558a0b6c63c0_0;  alias, 1 drivers
S_0x558a0b6b72a0 .scope generate, "genblk1[7]" "genblk1[7]" 3 7, 3 7 0, S_0x558a0b684470;
 .timescale 0 0;
P_0x558a0b6b74a0 .param/l "i" 0 3 7, +C4<0111>;
S_0x558a0b6b7580 .scope module, "d" "dff" 3 9, 4 1 0, S_0x558a0b6b72a0;
 .timescale 0 0;
    .port_info 0 /INPUT 1 "D";
    .port_info 1 /INPUT 1 "clk";
    .port_info 2 /OUTPUT 1 "Q";
    .port_info 3 /INPUT 1 "r";
v0x558a0b6b77d0_0 .net "D", 0 0, L_0x558a0b6c6a70;  1 drivers
v0x558a0b6b78b0_0 .var "Q", 0 0;
v0x558a0b6b7970_0 .net "clk", 0 0, v0x558a0b6c6220_0;  alias, 1 drivers
v0x558a0b6b7a40_0 .net "r", 0 0, v0x558a0b6c63c0_0;  alias, 1 drivers
S_0x558a0b6b7b70 .scope generate, "genblk1[8]" "genblk1[8]" 3 7, 3 7 0, S_0x558a0b684470;
 .timescale 0 0;
P_0x558a0b6b5b00 .param/l "i" 0 3 7, +C4<01000>;
S_0x558a0b6b7e90 .scope module, "d" "dff" 3 9, 4 1 0, S_0x558a0b6b7b70;
 .timescale 0 0;
    .port_info 0 /INPUT 1 "D";
    .port_info 1 /INPUT 1 "clk";
    .port_info 2 /OUTPUT 1 "Q";
    .port_info 3 /INPUT 1 "r";
v0x558a0b6b80e0_0 .net "D", 0 0, L_0x558a0b6c6b90;  1 drivers
v0x558a0b6b81c0_0 .var "Q", 0 0;
v0x558a0b6b8280_0 .net "clk", 0 0, v0x558a0b6c6220_0;  alias, 1 drivers
v0x558a0b6b8350_0 .net "r", 0 0, v0x558a0b6c63c0_0;  alias, 1 drivers
S_0x558a0b6b8590 .scope generate, "genblk1[9]" "genblk1[9]" 3 7, 3 7 0, S_0x558a0b684470;
 .timescale 0 0;
P_0x558a0b6b8790 .param/l "i" 0 3 7, +C4<01001>;
S_0x558a0b6b8870 .scope module, "d" "dff" 3 9, 4 1 0, S_0x558a0b6b8590;
 .timescale 0 0;
    .port_info 0 /INPUT 1 "D";
    .port_info 1 /INPUT 1 "clk";
    .port_info 2 /OUTPUT 1 "Q";
    .port_info 3 /INPUT 1 "r";
v0x558a0b6b8ac0_0 .net "D", 0 0, L_0x558a0b6c6c60;  1 drivers
v0x558a0b6b8ba0_0 .var "Q", 0 0;
v0x558a0b6b8c60_0 .net "clk", 0 0, v0x558a0b6c6220_0;  alias, 1 drivers
v0x558a0b6b8d30_0 .net "r", 0 0, v0x558a0b6c63c0_0;  alias, 1 drivers
S_0x558a0b6b8e60 .scope generate, "genblk1[10]" "genblk1[10]" 3 7, 3 7 0, S_0x558a0b684470;
 .timescale 0 0;
P_0x558a0b6b9060 .param/l "i" 0 3 7, +C4<01010>;
S_0x558a0b6b9140 .scope module, "d" "dff" 3 9, 4 1 0, S_0x558a0b6b8e60;
 .timescale 0 0;
    .port_info 0 /INPUT 1 "D";
    .port_info 1 /INPUT 1 "clk";
    .port_info 2 /OUTPUT 1 "Q";
    .port_info 3 /INPUT 1 "r";
v0x558a0b6b9390_0 .net "D", 0 0, L_0x558a0b6c6d90;  1 drivers
v0x558a0b6b9470_0 .var "Q", 0 0;
v0x558a0b6b9530_0 .net "clk", 0 0, v0x558a0b6c6220_0;  alias, 1 drivers
v0x558a0b6b9600_0 .net "r", 0 0, v0x558a0b6c63c0_0;  alias, 1 drivers
S_0x558a0b6b9730 .scope generate, "genblk1[11]" "genblk1[11]" 3 7, 3 7 0, S_0x558a0b684470;
 .timescale 0 0;
P_0x558a0b6b9930 .param/l "i" 0 3 7, +C4<01011>;
S_0x558a0b6b9a10 .scope module, "d" "dff" 3 9, 4 1 0, S_0x558a0b6b9730;
 .timescale 0 0;
    .port_info 0 /INPUT 1 "D";
    .port_info 1 /INPUT 1 "clk";
    .port_info 2 /OUTPUT 1 "Q";
    .port_info 3 /INPUT 1 "r";
v0x558a0b6b9c60_0 .net "D", 0 0, L_0x558a0b6c6e60;  1 drivers
v0x558a0b6b9d40_0 .var "Q", 0 0;
v0x558a0b6b9e00_0 .net "clk", 0 0, v0x558a0b6c6220_0;  alias, 1 drivers
v0x558a0b6b9ed0_0 .net "r", 0 0, v0x558a0b6c63c0_0;  alias, 1 drivers
S_0x558a0b6ba000 .scope generate, "genblk1[12]" "genblk1[12]" 3 7, 3 7 0, S_0x558a0b684470;
 .timescale 0 0;
P_0x558a0b6ba200 .param/l "i" 0 3 7, +C4<01100>;
S_0x558a0b6ba2e0 .scope module, "d" "dff" 3 9, 4 1 0, S_0x558a0b6ba000;
 .timescale 0 0;
    .port_info 0 /INPUT 1 "D";
    .port_info 1 /INPUT 1 "clk";
    .port_info 2 /OUTPUT 1 "Q";
    .port_info 3 /INPUT 1 "r";
v0x558a0b6ba530_0 .net "D", 0 0, L_0x558a0b6c6fa0;  1 drivers
v0x558a0b6ba610_0 .var "Q", 0 0;
v0x558a0b6ba6d0_0 .net "clk", 0 0, v0x558a0b6c6220_0;  alias, 1 drivers
v0x558a0b6ba7a0_0 .net "r", 0 0, v0x558a0b6c63c0_0;  alias, 1 drivers
S_0x558a0b6ba8d0 .scope generate, "genblk1[13]" "genblk1[13]" 3 7, 3 7 0, S_0x558a0b684470;
 .timescale 0 0;
P_0x558a0b6baad0 .param/l "i" 0 3 7, +C4<01101>;
S_0x558a0b6babb0 .scope module, "d" "dff" 3 9, 4 1 0, S_0x558a0b6ba8d0;
 .timescale 0 0;
    .port_info 0 /INPUT 1 "D";
    .port_info 1 /INPUT 1 "clk";
    .port_info 2 /OUTPUT 1 "Q";
    .port_info 3 /INPUT 1 "r";
v0x558a0b6bae00_0 .net "D", 0 0, L_0x558a0b6c7070;  1 drivers
v0x558a0b6baee0_0 .var "Q", 0 0;
v0x558a0b6bafa0_0 .net "clk", 0 0, v0x558a0b6c6220_0;  alias, 1 drivers
v0x558a0b6bb070_0 .net "r", 0 0, v0x558a0b6c63c0_0;  alias, 1 drivers
S_0x558a0b6bb1a0 .scope generate, "genblk1[14]" "genblk1[14]" 3 7, 3 7 0, S_0x558a0b684470;
 .timescale 0 0;
P_0x558a0b6bb3a0 .param/l "i" 0 3 7, +C4<01110>;
S_0x558a0b6bb480 .scope module, "d" "dff" 3 9, 4 1 0, S_0x558a0b6bb1a0;
 .timescale 0 0;
    .port_info 0 /INPUT 1 "D";
    .port_info 1 /INPUT 1 "clk";
    .port_info 2 /OUTPUT 1 "Q";
    .port_info 3 /INPUT 1 "r";
v0x558a0b6bb6d0_0 .net "D", 0 0, L_0x558a0b6c71c0;  1 drivers
v0x558a0b6bb7b0_0 .var "Q", 0 0;
v0x558a0b6bb870_0 .net "clk", 0 0, v0x558a0b6c6220_0;  alias, 1 drivers
v0x558a0b6bb940_0 .net "r", 0 0, v0x558a0b6c63c0_0;  alias, 1 drivers
S_0x558a0b6bba70 .scope generate, "genblk1[15]" "genblk1[15]" 3 7, 3 7 0, S_0x558a0b684470;
 .timescale 0 0;
P_0x558a0b6bbc70 .param/l "i" 0 3 7, +C4<01111>;
S_0x558a0b6bbd50 .scope module, "d" "dff" 3 9, 4 1 0, S_0x558a0b6bba70;
 .timescale 0 0;
    .port_info 0 /INPUT 1 "D";
    .port_info 1 /INPUT 1 "clk";
    .port_info 2 /OUTPUT 1 "Q";
    .port_info 3 /INPUT 1 "r";
v0x558a0b6bbfa0_0 .net "D", 0 0, L_0x558a0b6c7290;  1 drivers
v0x558a0b6bc080_0 .var "Q", 0 0;
v0x558a0b6bc140_0 .net "clk", 0 0, v0x558a0b6c6220_0;  alias, 1 drivers
v0x558a0b6bc210_0 .net "r", 0 0, v0x558a0b6c63c0_0;  alias, 1 drivers
S_0x558a0b6bc340 .scope generate, "genblk1[16]" "genblk1[16]" 3 7, 3 7 0, S_0x558a0b684470;
 .timescale 0 0;
P_0x558a0b6bc650 .param/l "i" 0 3 7, +C4<010000>;
S_0x558a0b6bc730 .scope module, "d" "dff" 3 9, 4 1 0, S_0x558a0b6bc340;
 .timescale 0 0;
    .port_info 0 /INPUT 1 "D";
    .port_info 1 /INPUT 1 "clk";
    .port_info 2 /OUTPUT 1 "Q";
    .port_info 3 /INPUT 1 "r";
v0x558a0b6bc980_0 .net "D", 0 0, L_0x558a0b6c73f0;  1 drivers
v0x558a0b6bca60_0 .var "Q", 0 0;
v0x558a0b6bcb20_0 .net "clk", 0 0, v0x558a0b6c6220_0;  alias, 1 drivers
v0x558a0b6bce00_0 .net "r", 0 0, v0x558a0b6c63c0_0;  alias, 1 drivers
S_0x558a0b6bd140 .scope generate, "genblk1[17]" "genblk1[17]" 3 7, 3 7 0, S_0x558a0b684470;
 .timescale 0 0;
P_0x558a0b6bd340 .param/l "i" 0 3 7, +C4<010001>;
S_0x558a0b6bd420 .scope module, "d" "dff" 3 9, 4 1 0, S_0x558a0b6bd140;
 .timescale 0 0;
    .port_info 0 /INPUT 1 "D";
    .port_info 1 /INPUT 1 "clk";
    .port_info 2 /OUTPUT 1 "Q";
    .port_info 3 /INPUT 1 "r";
v0x558a0b6bd670_0 .net "D", 0 0, L_0x558a0b6c74c0;  1 drivers
v0x558a0b6bd750_0 .var "Q", 0 0;
v0x558a0b6bd810_0 .net "clk", 0 0, v0x558a0b6c6220_0;  alias, 1 drivers
v0x558a0b6bd8e0_0 .net "r", 0 0, v0x558a0b6c63c0_0;  alias, 1 drivers
S_0x558a0b6bda10 .scope generate, "genblk1[18]" "genblk1[18]" 3 7, 3 7 0, S_0x558a0b684470;
 .timescale 0 0;
P_0x558a0b6bdc10 .param/l "i" 0 3 7, +C4<010010>;
S_0x558a0b6bdcf0 .scope module, "d" "dff" 3 9, 4 1 0, S_0x558a0b6bda10;
 .timescale 0 0;
    .port_info 0 /INPUT 1 "D";
    .port_info 1 /INPUT 1 "clk";
    .port_info 2 /OUTPUT 1 "Q";
    .port_info 3 /INPUT 1 "r";
v0x558a0b6bdf40_0 .net "D", 0 0, L_0x558a0b6c7630;  1 drivers
v0x558a0b6be020_0 .var "Q", 0 0;
v0x558a0b6be0e0_0 .net "clk", 0 0, v0x558a0b6c6220_0;  alias, 1 drivers
v0x558a0b6be1b0_0 .net "r", 0 0, v0x558a0b6c63c0_0;  alias, 1 drivers
S_0x558a0b6be2e0 .scope generate, "genblk1[19]" "genblk1[19]" 3 7, 3 7 0, S_0x558a0b684470;
 .timescale 0 0;
P_0x558a0b6be4e0 .param/l "i" 0 3 7, +C4<010011>;
S_0x558a0b6be5c0 .scope module, "d" "dff" 3 9, 4 1 0, S_0x558a0b6be2e0;
 .timescale 0 0;
    .port_info 0 /INPUT 1 "D";
    .port_info 1 /INPUT 1 "clk";
    .port_info 2 /OUTPUT 1 "Q";
    .port_info 3 /INPUT 1 "r";
v0x558a0b6be810_0 .net "D", 0 0, L_0x558a0b6c7700;  1 drivers
v0x558a0b6be8f0_0 .var "Q", 0 0;
v0x558a0b6be9b0_0 .net "clk", 0 0, v0x558a0b6c6220_0;  alias, 1 drivers
v0x558a0b6bea80_0 .net "r", 0 0, v0x558a0b6c63c0_0;  alias, 1 drivers
S_0x558a0b6bebb0 .scope generate, "genblk1[20]" "genblk1[20]" 3 7, 3 7 0, S_0x558a0b684470;
 .timescale 0 0;
P_0x558a0b6bedb0 .param/l "i" 0 3 7, +C4<010100>;
S_0x558a0b6bee90 .scope module, "d" "dff" 3 9, 4 1 0, S_0x558a0b6bebb0;
 .timescale 0 0;
    .port_info 0 /INPUT 1 "D";
    .port_info 1 /INPUT 1 "clk";
    .port_info 2 /OUTPUT 1 "Q";
    .port_info 3 /INPUT 1 "r";
v0x558a0b6bf0e0_0 .net "D", 0 0, L_0x558a0b6c7590;  1 drivers
v0x558a0b6bf1c0_0 .var "Q", 0 0;
v0x558a0b6bf280_0 .net "clk", 0 0, v0x558a0b6c6220_0;  alias, 1 drivers
v0x558a0b6bf350_0 .net "r", 0 0, v0x558a0b6c63c0_0;  alias, 1 drivers
S_0x558a0b6bf480 .scope generate, "genblk1[21]" "genblk1[21]" 3 7, 3 7 0, S_0x558a0b684470;
 .timescale 0 0;
P_0x558a0b6bf680 .param/l "i" 0 3 7, +C4<010101>;
S_0x558a0b6bf760 .scope module, "d" "dff" 3 9, 4 1 0, S_0x558a0b6bf480;
 .timescale 0 0;
    .port_info 0 /INPUT 1 "D";
    .port_info 1 /INPUT 1 "clk";
    .port_info 2 /OUTPUT 1 "Q";
    .port_info 3 /INPUT 1 "r";
v0x558a0b6bf9b0_0 .net "D", 0 0, L_0x558a0b6c78b0;  1 drivers
v0x558a0b6bfa90_0 .var "Q", 0 0;
v0x558a0b6bfb50_0 .net "clk", 0 0, v0x558a0b6c6220_0;  alias, 1 drivers
v0x558a0b6bfc20_0 .net "r", 0 0, v0x558a0b6c63c0_0;  alias, 1 drivers
S_0x558a0b6bfd50 .scope generate, "genblk1[22]" "genblk1[22]" 3 7, 3 7 0, S_0x558a0b684470;
 .timescale 0 0;
P_0x558a0b6bff50 .param/l "i" 0 3 7, +C4<010110>;
S_0x558a0b6c0030 .scope module, "d" "dff" 3 9, 4 1 0, S_0x558a0b6bfd50;
 .timescale 0 0;
    .port_info 0 /INPUT 1 "D";
    .port_info 1 /INPUT 1 "clk";
    .port_info 2 /OUTPUT 1 "Q";
    .port_info 3 /INPUT 1 "r";
v0x558a0b6c0280_0 .net "D", 0 0, L_0x558a0b6c7a40;  1 drivers
v0x558a0b6c0360_0 .var "Q", 0 0;
v0x558a0b6c0420_0 .net "clk", 0 0, v0x558a0b6c6220_0;  alias, 1 drivers
v0x558a0b6c04f0_0 .net "r", 0 0, v0x558a0b6c63c0_0;  alias, 1 drivers
S_0x558a0b6c0620 .scope generate, "genblk1[23]" "genblk1[23]" 3 7, 3 7 0, S_0x558a0b684470;
 .timescale 0 0;
P_0x558a0b6c0820 .param/l "i" 0 3 7, +C4<010111>;
S_0x558a0b6c0900 .scope module, "d" "dff" 3 9, 4 1 0, S_0x558a0b6c0620;
 .timescale 0 0;
    .port_info 0 /INPUT 1 "D";
    .port_info 1 /INPUT 1 "clk";
    .port_info 2 /OUTPUT 1 "Q";
    .port_info 3 /INPUT 1 "r";
v0x558a0b6c0b50_0 .net "D", 0 0, L_0x558a0b6c7b10;  1 drivers
v0x558a0b6c0c30_0 .var "Q", 0 0;
v0x558a0b6c0cf0_0 .net "clk", 0 0, v0x558a0b6c6220_0;  alias, 1 drivers
v0x558a0b6c0dc0_0 .net "r", 0 0, v0x558a0b6c63c0_0;  alias, 1 drivers
S_0x558a0b6c0ef0 .scope generate, "genblk1[24]" "genblk1[24]" 3 7, 3 7 0, S_0x558a0b684470;
 .timescale 0 0;
P_0x558a0b6c10f0 .param/l "i" 0 3 7, +C4<011000>;
S_0x558a0b6c11d0 .scope module, "d" "dff" 3 9, 4 1 0, S_0x558a0b6c0ef0;
 .timescale 0 0;
    .port_info 0 /INPUT 1 "D";
    .port_info 1 /INPUT 1 "clk";
    .port_info 2 /OUTPUT 1 "Q";
    .port_info 3 /INPUT 1 "r";
v0x558a0b6c1420_0 .net "D", 0 0, L_0x558a0b6c7cb0;  1 drivers
v0x558a0b6c1500_0 .var "Q", 0 0;
v0x558a0b6c15c0_0 .net "clk", 0 0, v0x558a0b6c6220_0;  alias, 1 drivers
v0x558a0b6c1690_0 .net "r", 0 0, v0x558a0b6c63c0_0;  alias, 1 drivers
S_0x558a0b6c17c0 .scope generate, "genblk1[25]" "genblk1[25]" 3 7, 3 7 0, S_0x558a0b684470;
 .timescale 0 0;
P_0x558a0b6c19c0 .param/l "i" 0 3 7, +C4<011001>;
S_0x558a0b6c1aa0 .scope module, "d" "dff" 3 9, 4 1 0, S_0x558a0b6c17c0;
 .timescale 0 0;
    .port_info 0 /INPUT 1 "D";
    .port_info 1 /INPUT 1 "clk";
    .port_info 2 /OUTPUT 1 "Q";
    .port_info 3 /INPUT 1 "r";
v0x558a0b6c1cf0_0 .net "D", 0 0, L_0x558a0b6c7d80;  1 drivers
v0x558a0b6c1dd0_0 .var "Q", 0 0;
v0x558a0b6c1e90_0 .net "clk", 0 0, v0x558a0b6c6220_0;  alias, 1 drivers
v0x558a0b6c1f60_0 .net "r", 0 0, v0x558a0b6c63c0_0;  alias, 1 drivers
S_0x558a0b6c2090 .scope generate, "genblk1[26]" "genblk1[26]" 3 7, 3 7 0, S_0x558a0b684470;
 .timescale 0 0;
P_0x558a0b6c2290 .param/l "i" 0 3 7, +C4<011010>;
S_0x558a0b6c2370 .scope module, "d" "dff" 3 9, 4 1 0, S_0x558a0b6c2090;
 .timescale 0 0;
    .port_info 0 /INPUT 1 "D";
    .port_info 1 /INPUT 1 "clk";
    .port_info 2 /OUTPUT 1 "Q";
    .port_info 3 /INPUT 1 "r";
v0x558a0b6c25c0_0 .net "D", 0 0, L_0x558a0b6c7f30;  1 drivers
v0x558a0b6c26a0_0 .var "Q", 0 0;
v0x558a0b6c2760_0 .net "clk", 0 0, v0x558a0b6c6220_0;  alias, 1 drivers
v0x558a0b6c2830_0 .net "r", 0 0, v0x558a0b6c63c0_0;  alias, 1 drivers
S_0x558a0b6c2960 .scope generate, "genblk1[27]" "genblk1[27]" 3 7, 3 7 0, S_0x558a0b684470;
 .timescale 0 0;
P_0x558a0b6c2b60 .param/l "i" 0 3 7, +C4<011011>;
S_0x558a0b6c2c40 .scope module, "d" "dff" 3 9, 4 1 0, S_0x558a0b6c2960;
 .timescale 0 0;
    .port_info 0 /INPUT 1 "D";
    .port_info 1 /INPUT 1 "clk";
    .port_info 2 /OUTPUT 1 "Q";
    .port_info 3 /INPUT 1 "r";
v0x558a0b6c2e90_0 .net "D", 0 0, L_0x558a0b6c8000;  1 drivers
v0x558a0b6c2f70_0 .var "Q", 0 0;
v0x558a0b6c3030_0 .net "clk", 0 0, v0x558a0b6c6220_0;  alias, 1 drivers
v0x558a0b6c3100_0 .net "r", 0 0, v0x558a0b6c63c0_0;  alias, 1 drivers
S_0x558a0b6c3230 .scope generate, "genblk1[28]" "genblk1[28]" 3 7, 3 7 0, S_0x558a0b684470;
 .timescale 0 0;
P_0x558a0b6c3430 .param/l "i" 0 3 7, +C4<011100>;
S_0x558a0b6c3510 .scope module, "d" "dff" 3 9, 4 1 0, S_0x558a0b6c3230;
 .timescale 0 0;
    .port_info 0 /INPUT 1 "D";
    .port_info 1 /INPUT 1 "clk";
    .port_info 2 /OUTPUT 1 "Q";
    .port_info 3 /INPUT 1 "r";
v0x558a0b6c3760_0 .net "D", 0 0, L_0x558a0b6c81c0;  1 drivers
v0x558a0b6c3840_0 .var "Q", 0 0;
v0x558a0b6c3900_0 .net "clk", 0 0, v0x558a0b6c6220_0;  alias, 1 drivers
v0x558a0b6c39d0_0 .net "r", 0 0, v0x558a0b6c63c0_0;  alias, 1 drivers
S_0x558a0b6c3b00 .scope generate, "genblk1[29]" "genblk1[29]" 3 7, 3 7 0, S_0x558a0b684470;
 .timescale 0 0;
P_0x558a0b6c3d00 .param/l "i" 0 3 7, +C4<011101>;
S_0x558a0b6c3de0 .scope module, "d" "dff" 3 9, 4 1 0, S_0x558a0b6c3b00;
 .timescale 0 0;
    .port_info 0 /INPUT 1 "D";
    .port_info 1 /INPUT 1 "clk";
    .port_info 2 /OUTPUT 1 "Q";
    .port_info 3 /INPUT 1 "r";
v0x558a0b6c4030_0 .net "D", 0 0, L_0x558a0b6c8290;  1 drivers
v0x558a0b6c4110_0 .var "Q", 0 0;
v0x558a0b6c41d0_0 .net "clk", 0 0, v0x558a0b6c6220_0;  alias, 1 drivers
v0x558a0b6c42a0_0 .net "r", 0 0, v0x558a0b6c63c0_0;  alias, 1 drivers
S_0x558a0b6c43d0 .scope generate, "genblk1[30]" "genblk1[30]" 3 7, 3 7 0, S_0x558a0b684470;
 .timescale 0 0;
P_0x558a0b6c45d0 .param/l "i" 0 3 7, +C4<011110>;
S_0x558a0b6c46b0 .scope module, "d" "dff" 3 9, 4 1 0, S_0x558a0b6c43d0;
 .timescale 0 0;
    .port_info 0 /INPUT 1 "D";
    .port_info 1 /INPUT 1 "clk";
    .port_info 2 /OUTPUT 1 "Q";
    .port_info 3 /INPUT 1 "r";
v0x558a0b6c4900_0 .net "D", 0 0, L_0x558a0b6c8460;  1 drivers
v0x558a0b6c49e0_0 .var "Q", 0 0;
v0x558a0b6c4aa0_0 .net "clk", 0 0, v0x558a0b6c6220_0;  alias, 1 drivers
v0x558a0b6c4b70_0 .net "r", 0 0, v0x558a0b6c63c0_0;  alias, 1 drivers
S_0x558a0b6c4ca0 .scope generate, "genblk1[31]" "genblk1[31]" 3 7, 3 7 0, S_0x558a0b684470;
 .timescale 0 0;
P_0x558a0b6c4ea0 .param/l "i" 0 3 7, +C4<011111>;
S_0x558a0b6c4f80 .scope module, "d" "dff" 3 9, 4 1 0, S_0x558a0b6c4ca0;
 .timescale 0 0;
    .port_info 0 /INPUT 1 "D";
    .port_info 1 /INPUT 1 "clk";
    .port_info 2 /OUTPUT 1 "Q";
    .port_info 3 /INPUT 1 "r";
v0x558a0b6c51d0_0 .net "D", 0 0, L_0x558a0b6c8940;  1 drivers
v0x558a0b6c52b0_0 .var "Q", 0 0;
v0x558a0b6c5370_0 .net "clk", 0 0, v0x558a0b6c6220_0;  alias, 1 drivers
v0x558a0b6c5440_0 .net "r", 0 0, v0x558a0b6c63c0_0;  alias, 1 drivers
    .scope S_0x558a0b685e70;
T_0 ;
    %wait E_0x558a0b673690;
    %load/vec4 v0x558a0b6823c0_0;
    %assign/vec4 v0x558a0b686000_0, 0;
    %load/vec4 v0x558a0b684600_0;
    %flag_set/vec4 8;
    %jmp/0xz  T_0.0, 8;
    %pushi/vec4 0, 0, 1;
    %assign/vec4 v0x558a0b686000_0, 0;
T_0.0 ;
    %jmp T_0;
    .thread T_0;
    .scope S_0x558a0b683770;
T_1 ;
    %wait E_0x558a0b673690;
    %load/vec4 v0x558a0b683900_0;
    %assign/vec4 v0x558a0b682c00_0, 0;
    %load/vec4 v0x558a0b6b46d0_0;
    %flag_set/vec4 8;
    %jmp/0xz  T_1.0, 8;
    %pushi/vec4 0, 0, 1;
    %assign/vec4 v0x558a0b682c00_0, 0;
T_1.0 ;
    %jmp T_1;
    .thread T_1;
    .scope S_0x558a0b6b4ab0;
T_2 ;
    %wait E_0x558a0b673690;
    %load/vec4 v0x558a0b6b4cc0_0;
    %assign/vec4 v0x558a0b6b4da0_0, 0;
    %load/vec4 v0x558a0b6b4f80_0;
    %flag_set/vec4 8;
    %jmp/0xz  T_2.0, 8;
    %pushi/vec4 0, 0, 1;
    %assign/vec4 v0x558a0b6b4da0_0, 0;
T_2.0 ;
    %jmp T_2;
    .thread T_2;
    .scope S_0x558a0b6b53b0;
T_3 ;
    %wait E_0x558a0b673690;
    %load/vec4 v0x558a0b6b5590_0;
    %assign/vec4 v0x558a0b6b5670_0, 0;
    %load/vec4 v0x558a0b6b57d0_0;
    %flag_set/vec4 8;
    %jmp/0xz  T_3.0, 8;
    %pushi/vec4 0, 0, 1;
    %assign/vec4 v0x558a0b6b5670_0, 0;
T_3.0 ;
    %jmp T_3;
    .thread T_3;
    .scope S_0x558a0b6b5c30;
T_4 ;
    %wait E_0x558a0b673690;
    %load/vec4 v0x558a0b6b5e10_0;
    %assign/vec4 v0x558a0b6b5ef0_0, 0;
    %load/vec4 v0x558a0b6b6050_0;
    %flag_set/vec4 8;
    %jmp/0xz  T_4.0, 8;
    %pushi/vec4 0, 0, 1;
    %assign/vec4 v0x558a0b6b5ef0_0, 0;
T_4.0 ;
    %jmp T_4;
    .thread T_4;
    .scope S_0x558a0b6b6450;
T_5 ;
    %wait E_0x558a0b673690;
    %load/vec4 v0x558a0b6b6630_0;
    %assign/vec4 v0x558a0b6b6710_0, 0;
    %load/vec4 v0x558a0b6b68a0_0;
    %flag_set/vec4 8;
    %jmp/0xz  T_5.0, 8;
    %pushi/vec4 0, 0, 1;
    %assign/vec4 v0x558a0b6b6710_0, 0;
T_5.0 ;
    %jmp T_5;
    .thread T_5;
    .scope S_0x558a0b6b6cb0;
T_6 ;
    %wait E_0x558a0b673690;
    %load/vec4 v0x558a0b6b6f00_0;
    %assign/vec4 v0x558a0b6b6fe0_0, 0;
    %load/vec4 v0x558a0b6b7170_0;
    %flag_set/vec4 8;
    %jmp/0xz  T_6.0, 8;
    %pushi/vec4 0, 0, 1;
    %assign/vec4 v0x558a0b6b6fe0_0, 0;
T_6.0 ;
    %jmp T_6;
    .thread T_6;
    .scope S_0x558a0b6b7580;
T_7 ;
    %wait E_0x558a0b673690;
    %load/vec4 v0x558a0b6b77d0_0;
    %assign/vec4 v0x558a0b6b78b0_0, 0;
    %load/vec4 v0x558a0b6b7a40_0;
    %flag_set/vec4 8;
    %jmp/0xz  T_7.0, 8;
    %pushi/vec4 0, 0, 1;
    %assign/vec4 v0x558a0b6b78b0_0, 0;
T_7.0 ;
    %jmp T_7;
    .thread T_7;
    .scope S_0x558a0b6b7e90;
T_8 ;
    %wait E_0x558a0b673690;
    %load/vec4 v0x558a0b6b80e0_0;
    %assign/vec4 v0x558a0b6b81c0_0, 0;
    %load/vec4 v0x558a0b6b8350_0;
    %flag_set/vec4 8;
    %jmp/0xz  T_8.0, 8;
    %pushi/vec4 0, 0, 1;
    %assign/vec4 v0x558a0b6b81c0_0, 0;
T_8.0 ;
    %jmp T_8;
    .thread T_8;
    .scope S_0x558a0b6b8870;
T_9 ;
    %wait E_0x558a0b673690;
    %load/vec4 v0x558a0b6b8ac0_0;
    %assign/vec4 v0x558a0b6b8ba0_0, 0;
    %load/vec4 v0x558a0b6b8d30_0;
    %flag_set/vec4 8;
    %jmp/0xz  T_9.0, 8;
    %pushi/vec4 0, 0, 1;
    %assign/vec4 v0x558a0b6b8ba0_0, 0;
T_9.0 ;
    %jmp T_9;
    .thread T_9;
    .scope S_0x558a0b6b9140;
T_10 ;
    %wait E_0x558a0b673690;
    %load/vec4 v0x558a0b6b9390_0;
    %assign/vec4 v0x558a0b6b9470_0, 0;
    %load/vec4 v0x558a0b6b9600_0;
    %flag_set/vec4 8;
    %jmp/0xz  T_10.0, 8;
    %pushi/vec4 0, 0, 1;
    %assign/vec4 v0x558a0b6b9470_0, 0;
T_10.0 ;
    %jmp T_10;
    .thread T_10;
    .scope S_0x558a0b6b9a10;
T_11 ;
    %wait E_0x558a0b673690;
    %load/vec4 v0x558a0b6b9c60_0;
    %assign/vec4 v0x558a0b6b9d40_0, 0;
    %load/vec4 v0x558a0b6b9ed0_0;
    %flag_set/vec4 8;
    %jmp/0xz  T_11.0, 8;
    %pushi/vec4 0, 0, 1;
    %assign/vec4 v0x558a0b6b9d40_0, 0;
T_11.0 ;
    %jmp T_11;
    .thread T_11;
    .scope S_0x558a0b6ba2e0;
T_12 ;
    %wait E_0x558a0b673690;
    %load/vec4 v0x558a0b6ba530_0;
    %assign/vec4 v0x558a0b6ba610_0, 0;
    %load/vec4 v0x558a0b6ba7a0_0;
    %flag_set/vec4 8;
    %jmp/0xz  T_12.0, 8;
    %pushi/vec4 0, 0, 1;
    %assign/vec4 v0x558a0b6ba610_0, 0;
T_12.0 ;
    %jmp T_12;
    .thread T_12;
    .scope S_0x558a0b6babb0;
T_13 ;
    %wait E_0x558a0b673690;
    %load/vec4 v0x558a0b6bae00_0;
    %assign/vec4 v0x558a0b6baee0_0, 0;
    %load/vec4 v0x558a0b6bb070_0;
    %flag_set/vec4 8;
    %jmp/0xz  T_13.0, 8;
    %pushi/vec4 0, 0, 1;
    %assign/vec4 v0x558a0b6baee0_0, 0;
T_13.0 ;
    %jmp T_13;
    .thread T_13;
    .scope S_0x558a0b6bb480;
T_14 ;
    %wait E_0x558a0b673690;
    %load/vec4 v0x558a0b6bb6d0_0;
    %assign/vec4 v0x558a0b6bb7b0_0, 0;
    %load/vec4 v0x558a0b6bb940_0;
    %flag_set/vec4 8;
    %jmp/0xz  T_14.0, 8;
    %pushi/vec4 0, 0, 1;
    %assign/vec4 v0x558a0b6bb7b0_0, 0;
T_14.0 ;
    %jmp T_14;
    .thread T_14;
    .scope S_0x558a0b6bbd50;
T_15 ;
    %wait E_0x558a0b673690;
    %load/vec4 v0x558a0b6bbfa0_0;
    %assign/vec4 v0x558a0b6bc080_0, 0;
    %load/vec4 v0x558a0b6bc210_0;
    %flag_set/vec4 8;
    %jmp/0xz  T_15.0, 8;
    %pushi/vec4 0, 0, 1;
    %assign/vec4 v0x558a0b6bc080_0, 0;
T_15.0 ;
    %jmp T_15;
    .thread T_15;
    .scope S_0x558a0b6bc730;
T_16 ;
    %wait E_0x558a0b673690;
    %load/vec4 v0x558a0b6bc980_0;
    %assign/vec4 v0x558a0b6bca60_0, 0;
    %load/vec4 v0x558a0b6bce00_0;
    %flag_set/vec4 8;
    %jmp/0xz  T_16.0, 8;
    %pushi/vec4 0, 0, 1;
    %assign/vec4 v0x558a0b6bca60_0, 0;
T_16.0 ;
    %jmp T_16;
    .thread T_16;
    .scope S_0x558a0b6bd420;
T_17 ;
    %wait E_0x558a0b673690;
    %load/vec4 v0x558a0b6bd670_0;
    %assign/vec4 v0x558a0b6bd750_0, 0;
    %load/vec4 v0x558a0b6bd8e0_0;
    %flag_set/vec4 8;
    %jmp/0xz  T_17.0, 8;
    %pushi/vec4 0, 0, 1;
    %assign/vec4 v0x558a0b6bd750_0, 0;
T_17.0 ;
    %jmp T_17;
    .thread T_17;
    .scope S_0x558a0b6bdcf0;
T_18 ;
    %wait E_0x558a0b673690;
    %load/vec4 v0x558a0b6bdf40_0;
    %assign/vec4 v0x558a0b6be020_0, 0;
    %load/vec4 v0x558a0b6be1b0_0;
    %flag_set/vec4 8;
    %jmp/0xz  T_18.0, 8;
    %pushi/vec4 0, 0, 1;
    %assign/vec4 v0x558a0b6be020_0, 0;
T_18.0 ;
    %jmp T_18;
    .thread T_18;
    .scope S_0x558a0b6be5c0;
T_19 ;
    %wait E_0x558a0b673690;
    %load/vec4 v0x558a0b6be810_0;
    %assign/vec4 v0x558a0b6be8f0_0, 0;
    %load/vec4 v0x558a0b6bea80_0;
    %flag_set/vec4 8;
    %jmp/0xz  T_19.0, 8;
    %pushi/vec4 0, 0, 1;
    %assign/vec4 v0x558a0b6be8f0_0, 0;
T_19.0 ;
    %jmp T_19;
    .thread T_19;
    .scope S_0x558a0b6bee90;
T_20 ;
    %wait E_0x558a0b673690;
    %load/vec4 v0x558a0b6bf0e0_0;
    %assign/vec4 v0x558a0b6bf1c0_0, 0;
    %load/vec4 v0x558a0b6bf350_0;
    %flag_set/vec4 8;
    %jmp/0xz  T_20.0, 8;
    %pushi/vec4 0, 0, 1;
    %assign/vec4 v0x558a0b6bf1c0_0, 0;
T_20.0 ;
    %jmp T_20;
    .thread T_20;
    .scope S_0x558a0b6bf760;
T_21 ;
    %wait E_0x558a0b673690;
    %load/vec4 v0x558a0b6bf9b0_0;
    %assign/vec4 v0x558a0b6bfa90_0, 0;
    %load/vec4 v0x558a0b6bfc20_0;
    %flag_set/vec4 8;
    %jmp/0xz  T_21.0, 8;
    %pushi/vec4 0, 0, 1;
    %assign/vec4 v0x558a0b6bfa90_0, 0;
T_21.0 ;
    %jmp T_21;
    .thread T_21;
    .scope S_0x558a0b6c0030;
T_22 ;
    %wait E_0x558a0b673690;
    %load/vec4 v0x558a0b6c0280_0;
    %assign/vec4 v0x558a0b6c0360_0, 0;
    %load/vec4 v0x558a0b6c04f0_0;
    %flag_set/vec4 8;
    %jmp/0xz  T_22.0, 8;
    %pushi/vec4 0, 0, 1;
    %assign/vec4 v0x558a0b6c0360_0, 0;
T_22.0 ;
    %jmp T_22;
    .thread T_22;
    .scope S_0x558a0b6c0900;
T_23 ;
    %wait E_0x558a0b673690;
    %load/vec4 v0x558a0b6c0b50_0;
    %assign/vec4 v0x558a0b6c0c30_0, 0;
    %load/vec4 v0x558a0b6c0dc0_0;
    %flag_set/vec4 8;
    %jmp/0xz  T_23.0, 8;
    %pushi/vec4 0, 0, 1;
    %assign/vec4 v0x558a0b6c0c30_0, 0;
T_23.0 ;
    %jmp T_23;
    .thread T_23;
    .scope S_0x558a0b6c11d0;
T_24 ;
    %wait E_0x558a0b673690;
    %load/vec4 v0x558a0b6c1420_0;
    %assign/vec4 v0x558a0b6c1500_0, 0;
    %load/vec4 v0x558a0b6c1690_0;
    %flag_set/vec4 8;
    %jmp/0xz  T_24.0, 8;
    %pushi/vec4 0, 0, 1;
    %assign/vec4 v0x558a0b6c1500_0, 0;
T_24.0 ;
    %jmp T_24;
    .thread T_24;
    .scope S_0x558a0b6c1aa0;
T_25 ;
    %wait E_0x558a0b673690;
    %load/vec4 v0x558a0b6c1cf0_0;
    %assign/vec4 v0x558a0b6c1dd0_0, 0;
    %load/vec4 v0x558a0b6c1f60_0;
    %flag_set/vec4 8;
    %jmp/0xz  T_25.0, 8;
    %pushi/vec4 0, 0, 1;
    %assign/vec4 v0x558a0b6c1dd0_0, 0;
T_25.0 ;
    %jmp T_25;
    .thread T_25;
    .scope S_0x558a0b6c2370;
T_26 ;
    %wait E_0x558a0b673690;
    %load/vec4 v0x558a0b6c25c0_0;
    %assign/vec4 v0x558a0b6c26a0_0, 0;
    %load/vec4 v0x558a0b6c2830_0;
    %flag_set/vec4 8;
    %jmp/0xz  T_26.0, 8;
    %pushi/vec4 0, 0, 1;
    %assign/vec4 v0x558a0b6c26a0_0, 0;
T_26.0 ;
    %jmp T_26;
    .thread T_26;
    .scope S_0x558a0b6c2c40;
T_27 ;
    %wait E_0x558a0b673690;
    %load/vec4 v0x558a0b6c2e90_0;
    %assign/vec4 v0x558a0b6c2f70_0, 0;
    %load/vec4 v0x558a0b6c3100_0;
    %flag_set/vec4 8;
    %jmp/0xz  T_27.0, 8;
    %pushi/vec4 0, 0, 1;
    %assign/vec4 v0x558a0b6c2f70_0, 0;
T_27.0 ;
    %jmp T_27;
    .thread T_27;
    .scope S_0x558a0b6c3510;
T_28 ;
    %wait E_0x558a0b673690;
    %load/vec4 v0x558a0b6c3760_0;
    %assign/vec4 v0x558a0b6c3840_0, 0;
    %load/vec4 v0x558a0b6c39d0_0;
    %flag_set/vec4 8;
    %jmp/0xz  T_28.0, 8;
    %pushi/vec4 0, 0, 1;
    %assign/vec4 v0x558a0b6c3840_0, 0;
T_28.0 ;
    %jmp T_28;
    .thread T_28;
    .scope S_0x558a0b6c3de0;
T_29 ;
    %wait E_0x558a0b673690;
    %load/vec4 v0x558a0b6c4030_0;
    %assign/vec4 v0x558a0b6c4110_0, 0;
    %load/vec4 v0x558a0b6c42a0_0;
    %flag_set/vec4 8;
    %jmp/0xz  T_29.0, 8;
    %pushi/vec4 0, 0, 1;
    %assign/vec4 v0x558a0b6c4110_0, 0;
T_29.0 ;
    %jmp T_29;
    .thread T_29;
    .scope S_0x558a0b6c46b0;
T_30 ;
    %wait E_0x558a0b673690;
    %load/vec4 v0x558a0b6c4900_0;
    %assign/vec4 v0x558a0b6c49e0_0, 0;
    %load/vec4 v0x558a0b6c4b70_0;
    %flag_set/vec4 8;
    %jmp/0xz  T_30.0, 8;
    %pushi/vec4 0, 0, 1;
    %assign/vec4 v0x558a0b6c49e0_0, 0;
T_30.0 ;
    %jmp T_30;
    .thread T_30;
    .scope S_0x558a0b6c4f80;
T_31 ;
    %wait E_0x558a0b673690;
    %load/vec4 v0x558a0b6c51d0_0;
    %assign/vec4 v0x558a0b6c52b0_0, 0;
    %load/vec4 v0x558a0b6c5440_0;
    %flag_set/vec4 8;
    %jmp/0xz  T_31.0, 8;
    %pushi/vec4 0, 0, 1;
    %assign/vec4 v0x558a0b6c52b0_0, 0;
T_31.0 ;
    %jmp T_31;
    .thread T_31;
    .scope S_0x558a0b682a70;
T_32 ;
    %pushi/vec4 0, 0, 1;
    %store/vec4 v0x558a0b6c6220_0, 0, 1;
T_32.0 ;
    %delay 5, 0;
    %load/vec4 v0x558a0b6c6220_0;
    %inv;
    %store/vec4 v0x558a0b6c6220_0, 0, 1;
    %jmp T_32.0;
    %end;
    .thread T_32;
    .scope S_0x558a0b682a70;
T_33 ;
    %pushi/vec4 0, 0, 32;
    %store/vec4 v0x558a0b6c6140_0, 0, 32;
    %pushi/vec4 0, 0, 1;
    %store/vec4 v0x558a0b6c63c0_0, 0, 1;
    %pushi/vec4 7, 0, 32;
T_33.0 %dup/vec4;
    %pushi/vec4 0, 0, 32;
    %cmp/s;
    %jmp/1xz T_33.1, 5;
    %jmp/1 T_33.1, 4;
    %pushi/vec4 1, 0, 32;
    %sub;
    %delay 5, 0;
    %load/vec4 v0x558a0b6c63c0_0;
    %inv;
    %store/vec4 v0x558a0b6c63c0_0, 0, 1;
    %vpi_func 2 16 "$random" 32 {0 0 0};
    %store/vec4 v0x558a0b6c6140_0, 0, 32;
    %delay 6, 0;
    %load/vec4 v0x558a0b6c63c0_0;
    %inv;
    %store/vec4 v0x558a0b6c63c0_0, 0, 1;
    %vpi_func 2 17 "$random" 32 {0 0 0};
    %store/vec4 v0x558a0b6c6140_0, 0, 32;
    %delay 7, 0;
    %load/vec4 v0x558a0b6c63c0_0;
    %inv;
    %store/vec4 v0x558a0b6c63c0_0, 0, 1;
    %vpi_func 2 18 "$random" 32 {0 0 0};
    %store/vec4 v0x558a0b6c6140_0, 0, 32;
    %jmp T_33.0;
T_33.1 ;
    %pop/vec4 1;
    %delay 5, 0;
    %vpi_call 2 20 "$finish" {0 0 0};
    %end;
    .thread T_33;
    .scope S_0x558a0b682a70;
T_34 ;
    %vpi_call 2 24 "$dumpfile", "regi.vcd" {0 0 0};
    %vpi_call 2 25 "$dumpvars", 32'sb00000000000000000000000000000000, S_0x558a0b682a70 {0 0 0};
    %end;
    .thread T_34;
    .scope S_0x558a0b682a70;
T_35 ;
    %wait E_0x558a0b673580;
    %vpi_call 2 28 "$display", $time, ". Pass. D = %b, Q = %b, r: %b", v0x558a0b6c6140_0, v0x558a0b6c62c0_0, v0x558a0b6c63c0_0 {0 0 0};
    %jmp T_35;
    .thread T_35, $push;
# The file index is used to find the file name in the following table.
:file_names 5;
    "N/A";
    "<interactive>";
    "regi_TB.v";
    "regi.v";
    "dff.v";
